2017-11-04 11:16:12 [scrapy.utils.log] INFO: Scrapy 1.4.0 started (bot: stock)
2017-11-04 11:16:12 [scrapy.utils.log] INFO: Overridden settings: {'NEWSPIDER_MODULE': 'stock.spiders', 'SPIDER_MODULES': ['stock.spiders'], 'ROBOTSTXT_OBEY': True, 'BOT_NAME': 'stock'}
2017-11-04 11:16:12 [scrapy.middleware] INFO: Enabled extensions:
['scrapy.extensions.memusage.MemoryUsage',
 'scrapy.extensions.logstats.LogStats',
 'scrapy.extensions.telnet.TelnetConsole',
 'scrapy.extensions.corestats.CoreStats']
2017-11-04 11:16:12 [scrapy.middleware] INFO: Enabled downloader middlewares:
['scrapy.downloadermiddlewares.robotstxt.RobotsTxtMiddleware',
 'scrapy.downloadermiddlewares.httpauth.HttpAuthMiddleware',
 'scrapy.downloadermiddlewares.downloadtimeout.DownloadTimeoutMiddleware',
 'scrapy.downloadermiddlewares.defaultheaders.DefaultHeadersMiddleware',
 'scrapy.downloadermiddlewares.useragent.UserAgentMiddleware',
 'scrapy.downloadermiddlewares.retry.RetryMiddleware',
 'scrapy.downloadermiddlewares.redirect.MetaRefreshMiddleware',
 'scrapy.downloadermiddlewares.httpcompression.HttpCompressionMiddleware',
 'scrapy.downloadermiddlewares.redirect.RedirectMiddleware',
 'scrapy.downloadermiddlewares.cookies.CookiesMiddleware',
 'scrapy.downloadermiddlewares.httpproxy.HttpProxyMiddleware',
 'scrapy.downloadermiddlewares.stats.DownloaderStats']
2017-11-04 11:16:12 [scrapy.middleware] INFO: Enabled spider middlewares:
['scrapy.spidermiddlewares.httperror.HttpErrorMiddleware',
 'scrapy.spidermiddlewares.offsite.OffsiteMiddleware',
 'scrapy.spidermiddlewares.referer.RefererMiddleware',
 'scrapy.spidermiddlewares.urllength.UrlLengthMiddleware',
 'scrapy.spidermiddlewares.depth.DepthMiddleware']
2017-11-04 11:16:12 [scrapy.middleware] INFO: Enabled item pipelines:
[]
2017-11-04 11:16:12 [scrapy.core.engine] INFO: Spider opened
2017-11-04 11:16:12 [scrapy.extensions.logstats] INFO: Crawled 0 pages (at 0 pages/min), scraped 0 items (at 0 items/min)
2017-11-04 11:16:12 [scrapy.extensions.telnet] DEBUG: Telnet console listening on 127.0.0.1:6023
2017-11-04 11:16:14 [scrapy.core.engine] DEBUG: Crawled (404) <GET http://www.hkexnews.hk/robots.txt> (referer: None)
2017-11-04 11:16:16 [scrapy.core.engine] DEBUG: Crawled (200) <GET http://www.hkexnews.hk/sdw/search/mutualmarket.aspx?t=hk> (referer: None)
2017-11-04 11:16:16 [scrapy.core.engine] INFO: Closing spider (finished)
2017-11-04 11:16:16 [scrapy.statscollectors] INFO: Dumping Scrapy stats:
{'downloader/request_bytes': 564,
 'downloader/request_count': 2,
 'downloader/request_method_count/GET': 2,
 'downloader/response_bytes': 427319,
 'downloader/response_count': 2,
 'downloader/response_status_count/200': 1,
 'downloader/response_status_count/404': 1,
 'finish_reason': 'finished',
 'finish_time': datetime.datetime(2017, 11, 4, 11, 16, 16, 416044),
 'log_count/DEBUG': 3,
 'log_count/INFO': 7,
 'memusage/max': 50114560,
 'memusage/startup': 50114560,
 'response_received_count': 2,
 'scheduler/dequeued': 1,
 'scheduler/dequeued/memory': 1,
 'scheduler/enqueued': 1,
 'scheduler/enqueued/memory': 1,
 'start_time': datetime.datetime(2017, 11, 4, 11, 16, 12, 760789)}
2017-11-04 11:16:16 [scrapy.core.engine] INFO: Spider closed (finished)
2017-11-05 11:16:17 [scrapy.utils.log] INFO: Scrapy 1.4.0 started (bot: stock)
2017-11-05 11:16:17 [scrapy.utils.log] INFO: Overridden settings: {'NEWSPIDER_MODULE': 'stock.spiders', 'SPIDER_MODULES': ['stock.spiders'], 'ROBOTSTXT_OBEY': True, 'BOT_NAME': 'stock'}
2017-11-05 11:16:17 [scrapy.middleware] INFO: Enabled extensions:
['scrapy.extensions.memusage.MemoryUsage',
 'scrapy.extensions.logstats.LogStats',
 'scrapy.extensions.telnet.TelnetConsole',
 'scrapy.extensions.corestats.CoreStats']
2017-11-05 11:16:17 [scrapy.middleware] INFO: Enabled downloader middlewares:
['scrapy.downloadermiddlewares.robotstxt.RobotsTxtMiddleware',
 'scrapy.downloadermiddlewares.httpauth.HttpAuthMiddleware',
 'scrapy.downloadermiddlewares.downloadtimeout.DownloadTimeoutMiddleware',
 'scrapy.downloadermiddlewares.defaultheaders.DefaultHeadersMiddleware',
 'scrapy.downloadermiddlewares.useragent.UserAgentMiddleware',
 'scrapy.downloadermiddlewares.retry.RetryMiddleware',
 'scrapy.downloadermiddlewares.redirect.MetaRefreshMiddleware',
 'scrapy.downloadermiddlewares.httpcompression.HttpCompressionMiddleware',
 'scrapy.downloadermiddlewares.redirect.RedirectMiddleware',
 'scrapy.downloadermiddlewares.cookies.CookiesMiddleware',
 'scrapy.downloadermiddlewares.httpproxy.HttpProxyMiddleware',
 'scrapy.downloadermiddlewares.stats.DownloaderStats']
2017-11-05 11:16:17 [scrapy.middleware] INFO: Enabled spider middlewares:
['scrapy.spidermiddlewares.httperror.HttpErrorMiddleware',
 'scrapy.spidermiddlewares.offsite.OffsiteMiddleware',
 'scrapy.spidermiddlewares.referer.RefererMiddleware',
 'scrapy.spidermiddlewares.urllength.UrlLengthMiddleware',
 'scrapy.spidermiddlewares.depth.DepthMiddleware']
2017-11-05 11:16:17 [scrapy.middleware] INFO: Enabled item pipelines:
[]
2017-11-05 11:16:17 [scrapy.core.engine] INFO: Spider opened
2017-11-05 11:16:17 [scrapy.extensions.logstats] INFO: Crawled 0 pages (at 0 pages/min), scraped 0 items (at 0 items/min)
2017-11-05 11:16:17 [scrapy.extensions.telnet] DEBUG: Telnet console listening on 127.0.0.1:6023
2017-11-05 11:16:18 [scrapy.core.engine] DEBUG: Crawled (404) <GET http://www.hkexnews.hk/robots.txt> (referer: None)
2017-11-05 11:16:20 [scrapy.core.engine] DEBUG: Crawled (200) <GET http://www.hkexnews.hk/sdw/search/mutualmarket.aspx?t=hk> (referer: None)
2017-11-05 11:16:20 [scrapy.core.engine] INFO: Closing spider (finished)
2017-11-05 11:16:20 [scrapy.statscollectors] INFO: Dumping Scrapy stats:
{'downloader/request_bytes': 564,
 'downloader/request_count': 2,
 'downloader/request_method_count/GET': 2,
 'downloader/response_bytes': 427319,
 'downloader/response_count': 2,
 'downloader/response_status_count/200': 1,
 'downloader/response_status_count/404': 1,
 'finish_reason': 'finished',
 'finish_time': datetime.datetime(2017, 11, 5, 11, 16, 20, 881294),
 'log_count/DEBUG': 3,
 'log_count/INFO': 7,
 'memusage/max': 50458624,
 'memusage/startup': 50458624,
 'response_received_count': 2,
 'scheduler/dequeued': 1,
 'scheduler/dequeued/memory': 1,
 'scheduler/enqueued': 1,
 'scheduler/enqueued/memory': 1,
 'start_time': datetime.datetime(2017, 11, 5, 11, 16, 17, 234700)}
2017-11-05 11:16:20 [scrapy.core.engine] INFO: Spider closed (finished)
2017-11-06 11:16:21 [scrapy.utils.log] INFO: Scrapy 1.4.0 started (bot: stock)
2017-11-06 11:16:21 [scrapy.utils.log] INFO: Overridden settings: {'NEWSPIDER_MODULE': 'stock.spiders', 'SPIDER_MODULES': ['stock.spiders'], 'ROBOTSTXT_OBEY': True, 'BOT_NAME': 'stock'}
2017-11-06 11:16:21 [scrapy.middleware] INFO: Enabled extensions:
['scrapy.extensions.memusage.MemoryUsage',
 'scrapy.extensions.logstats.LogStats',
 'scrapy.extensions.telnet.TelnetConsole',
 'scrapy.extensions.corestats.CoreStats']
2017-11-06 11:16:21 [scrapy.middleware] INFO: Enabled downloader middlewares:
['scrapy.downloadermiddlewares.robotstxt.RobotsTxtMiddleware',
 'scrapy.downloadermiddlewares.httpauth.HttpAuthMiddleware',
 'scrapy.downloadermiddlewares.downloadtimeout.DownloadTimeoutMiddleware',
 'scrapy.downloadermiddlewares.defaultheaders.DefaultHeadersMiddleware',
 'scrapy.downloadermiddlewares.useragent.UserAgentMiddleware',
 'scrapy.downloadermiddlewares.retry.RetryMiddleware',
 'scrapy.downloadermiddlewares.redirect.MetaRefreshMiddleware',
 'scrapy.downloadermiddlewares.httpcompression.HttpCompressionMiddleware',
 'scrapy.downloadermiddlewares.redirect.RedirectMiddleware',
 'scrapy.downloadermiddlewares.cookies.CookiesMiddleware',
 'scrapy.downloadermiddlewares.httpproxy.HttpProxyMiddleware',
 'scrapy.downloadermiddlewares.stats.DownloaderStats']
2017-11-06 11:16:21 [scrapy.middleware] INFO: Enabled spider middlewares:
['scrapy.spidermiddlewares.httperror.HttpErrorMiddleware',
 'scrapy.spidermiddlewares.offsite.OffsiteMiddleware',
 'scrapy.spidermiddlewares.referer.RefererMiddleware',
 'scrapy.spidermiddlewares.urllength.UrlLengthMiddleware',
 'scrapy.spidermiddlewares.depth.DepthMiddleware']
2017-11-06 11:16:21 [scrapy.middleware] INFO: Enabled item pipelines:
[]
2017-11-06 11:16:21 [scrapy.core.engine] INFO: Spider opened
2017-11-06 11:16:21 [scrapy.extensions.logstats] INFO: Crawled 0 pages (at 0 pages/min), scraped 0 items (at 0 items/min)
2017-11-06 11:16:21 [scrapy.extensions.telnet] DEBUG: Telnet console listening on 127.0.0.1:6023
2017-11-06 11:16:22 [scrapy.core.engine] DEBUG: Crawled (404) <GET http://www.hkexnews.hk/robots.txt> (referer: None)
2017-11-06 11:16:24 [scrapy.core.engine] DEBUG: Crawled (200) <GET http://www.hkexnews.hk/sdw/search/mutualmarket.aspx?t=hk> (referer: None)
2017-11-06 11:16:25 [scrapy.core.engine] INFO: Closing spider (finished)
2017-11-06 11:16:25 [scrapy.statscollectors] INFO: Dumping Scrapy stats:
{'downloader/request_bytes': 564,
 'downloader/request_count': 2,
 'downloader/request_method_count/GET': 2,
 'downloader/response_bytes': 427319,
 'downloader/response_count': 2,
 'downloader/response_status_count/200': 1,
 'downloader/response_status_count/404': 1,
 'finish_reason': 'finished',
 'finish_time': datetime.datetime(2017, 11, 6, 11, 16, 25, 254075),
 'log_count/DEBUG': 3,
 'log_count/INFO': 7,
 'memusage/max': 50454528,
 'memusage/startup': 50454528,
 'response_received_count': 2,
 'scheduler/dequeued': 1,
 'scheduler/dequeued/memory': 1,
 'scheduler/enqueued': 1,
 'scheduler/enqueued/memory': 1,
 'start_time': datetime.datetime(2017, 11, 6, 11, 16, 21, 782605)}
2017-11-06 11:16:25 [scrapy.core.engine] INFO: Spider closed (finished)
2017-11-07 11:16:25 [scrapy.utils.log] INFO: Scrapy 1.4.0 started (bot: stock)
2017-11-07 11:16:25 [scrapy.utils.log] INFO: Overridden settings: {'NEWSPIDER_MODULE': 'stock.spiders', 'SPIDER_MODULES': ['stock.spiders'], 'ROBOTSTXT_OBEY': True, 'BOT_NAME': 'stock'}
2017-11-07 11:16:26 [scrapy.middleware] INFO: Enabled extensions:
['scrapy.extensions.memusage.MemoryUsage',
 'scrapy.extensions.logstats.LogStats',
 'scrapy.extensions.telnet.TelnetConsole',
 'scrapy.extensions.corestats.CoreStats']
2017-11-07 11:16:26 [scrapy.middleware] INFO: Enabled downloader middlewares:
['scrapy.downloadermiddlewares.robotstxt.RobotsTxtMiddleware',
 'scrapy.downloadermiddlewares.httpauth.HttpAuthMiddleware',
 'scrapy.downloadermiddlewares.downloadtimeout.DownloadTimeoutMiddleware',
 'scrapy.downloadermiddlewares.defaultheaders.DefaultHeadersMiddleware',
 'scrapy.downloadermiddlewares.useragent.UserAgentMiddleware',
 'scrapy.downloadermiddlewares.retry.RetryMiddleware',
 'scrapy.downloadermiddlewares.redirect.MetaRefreshMiddleware',
 'scrapy.downloadermiddlewares.httpcompression.HttpCompressionMiddleware',
 'scrapy.downloadermiddlewares.redirect.RedirectMiddleware',
 'scrapy.downloadermiddlewares.cookies.CookiesMiddleware',
 'scrapy.downloadermiddlewares.httpproxy.HttpProxyMiddleware',
 'scrapy.downloadermiddlewares.stats.DownloaderStats']
2017-11-07 11:16:26 [scrapy.middleware] INFO: Enabled spider middlewares:
['scrapy.spidermiddlewares.httperror.HttpErrorMiddleware',
 'scrapy.spidermiddlewares.offsite.OffsiteMiddleware',
 'scrapy.spidermiddlewares.referer.RefererMiddleware',
 'scrapy.spidermiddlewares.urllength.UrlLengthMiddleware',
 'scrapy.spidermiddlewares.depth.DepthMiddleware']
2017-11-07 11:16:26 [scrapy.middleware] INFO: Enabled item pipelines:
[]
2017-11-07 11:16:26 [scrapy.core.engine] INFO: Spider opened
2017-11-07 11:16:26 [scrapy.extensions.logstats] INFO: Crawled 0 pages (at 0 pages/min), scraped 0 items (at 0 items/min)
2017-11-07 11:16:26 [scrapy.extensions.telnet] DEBUG: Telnet console listening on 127.0.0.1:6023
2017-11-07 11:16:26 [scrapy.core.engine] DEBUG: Crawled (404) <GET http://www.hkexnews.hk/robots.txt> (referer: None)
2017-11-07 11:16:30 [scrapy.core.engine] DEBUG: Crawled (200) <GET http://www.hkexnews.hk/sdw/search/mutualmarket.aspx?t=hk> (referer: None)
2017-11-07 11:16:31 [scrapy.core.engine] INFO: Closing spider (finished)
2017-11-07 11:16:31 [scrapy.statscollectors] INFO: Dumping Scrapy stats:
{'downloader/request_bytes': 564,
 'downloader/request_count': 2,
 'downloader/request_method_count/GET': 2,
 'downloader/response_bytes': 427322,
 'downloader/response_count': 2,
 'downloader/response_status_count/200': 1,
 'downloader/response_status_count/404': 1,
 'finish_reason': 'finished',
 'finish_time': datetime.datetime(2017, 11, 7, 11, 16, 31, 159668),
 'log_count/DEBUG': 3,
 'log_count/INFO': 7,
 'memusage/max': 50487296,
 'memusage/startup': 50487296,
 'response_received_count': 2,
 'scheduler/dequeued': 1,
 'scheduler/dequeued/memory': 1,
 'scheduler/enqueued': 1,
 'scheduler/enqueued/memory': 1,
 'start_time': datetime.datetime(2017, 11, 7, 11, 16, 26, 80386)}
2017-11-07 11:16:31 [scrapy.core.engine] INFO: Spider closed (finished)
2017-11-08 11:16:31 [scrapy.utils.log] INFO: Scrapy 1.4.0 started (bot: stock)
2017-11-08 11:16:31 [scrapy.utils.log] INFO: Overridden settings: {'NEWSPIDER_MODULE': 'stock.spiders', 'SPIDER_MODULES': ['stock.spiders'], 'ROBOTSTXT_OBEY': True, 'BOT_NAME': 'stock'}
2017-11-08 11:16:31 [scrapy.middleware] INFO: Enabled extensions:
['scrapy.extensions.memusage.MemoryUsage',
 'scrapy.extensions.logstats.LogStats',
 'scrapy.extensions.telnet.TelnetConsole',
 'scrapy.extensions.corestats.CoreStats']
2017-11-08 11:16:32 [scrapy.middleware] INFO: Enabled downloader middlewares:
['scrapy.downloadermiddlewares.robotstxt.RobotsTxtMiddleware',
 'scrapy.downloadermiddlewares.httpauth.HttpAuthMiddleware',
 'scrapy.downloadermiddlewares.downloadtimeout.DownloadTimeoutMiddleware',
 'scrapy.downloadermiddlewares.defaultheaders.DefaultHeadersMiddleware',
 'scrapy.downloadermiddlewares.useragent.UserAgentMiddleware',
 'scrapy.downloadermiddlewares.retry.RetryMiddleware',
 'scrapy.downloadermiddlewares.redirect.MetaRefreshMiddleware',
 'scrapy.downloadermiddlewares.httpcompression.HttpCompressionMiddleware',
 'scrapy.downloadermiddlewares.redirect.RedirectMiddleware',
 'scrapy.downloadermiddlewares.cookies.CookiesMiddleware',
 'scrapy.downloadermiddlewares.httpproxy.HttpProxyMiddleware',
 'scrapy.downloadermiddlewares.stats.DownloaderStats']
2017-11-08 11:16:32 [scrapy.middleware] INFO: Enabled spider middlewares:
['scrapy.spidermiddlewares.httperror.HttpErrorMiddleware',
 'scrapy.spidermiddlewares.offsite.OffsiteMiddleware',
 'scrapy.spidermiddlewares.referer.RefererMiddleware',
 'scrapy.spidermiddlewares.urllength.UrlLengthMiddleware',
 'scrapy.spidermiddlewares.depth.DepthMiddleware']
2017-11-08 11:16:32 [scrapy.middleware] INFO: Enabled item pipelines:
[]
2017-11-08 11:16:32 [scrapy.core.engine] INFO: Spider opened
2017-11-08 11:16:32 [scrapy.extensions.logstats] INFO: Crawled 0 pages (at 0 pages/min), scraped 0 items (at 0 items/min)
2017-11-08 11:16:32 [scrapy.extensions.telnet] DEBUG: Telnet console listening on 127.0.0.1:6023
2017-11-08 11:16:33 [scrapy.core.engine] DEBUG: Crawled (404) <GET http://www.hkexnews.hk/robots.txt> (referer: None)
2017-11-08 11:16:36 [scrapy.core.engine] DEBUG: Crawled (200) <GET http://www.hkexnews.hk/sdw/search/mutualmarket.aspx?t=hk> (referer: None)
2017-11-08 11:16:36 [scrapy.core.engine] INFO: Closing spider (finished)
2017-11-08 11:16:36 [scrapy.statscollectors] INFO: Dumping Scrapy stats:
{'downloader/request_bytes': 564,
 'downloader/request_count': 2,
 'downloader/request_method_count/GET': 2,
 'downloader/response_bytes': 427330,
 'downloader/response_count': 2,
 'downloader/response_status_count/200': 1,
 'downloader/response_status_count/404': 1,
 'finish_reason': 'finished',
 'finish_time': datetime.datetime(2017, 11, 8, 11, 16, 36, 360787),
 'log_count/DEBUG': 3,
 'log_count/INFO': 7,
 'memusage/max': 50470912,
 'memusage/startup': 50470912,
 'response_received_count': 2,
 'scheduler/dequeued': 1,
 'scheduler/dequeued/memory': 1,
 'scheduler/enqueued': 1,
 'scheduler/enqueued/memory': 1,
 'start_time': datetime.datetime(2017, 11, 8, 11, 16, 32, 18716)}
2017-11-08 11:16:36 [scrapy.core.engine] INFO: Spider closed (finished)
2017-11-09 11:16:37 [scrapy.utils.log] INFO: Scrapy 1.4.0 started (bot: stock)
2017-11-09 11:16:37 [scrapy.utils.log] INFO: Overridden settings: {'NEWSPIDER_MODULE': 'stock.spiders', 'SPIDER_MODULES': ['stock.spiders'], 'ROBOTSTXT_OBEY': True, 'BOT_NAME': 'stock'}
2017-11-09 11:16:37 [scrapy.middleware] INFO: Enabled extensions:
['scrapy.extensions.memusage.MemoryUsage',
 'scrapy.extensions.logstats.LogStats',
 'scrapy.extensions.telnet.TelnetConsole',
 'scrapy.extensions.corestats.CoreStats']
2017-11-09 11:16:37 [scrapy.middleware] INFO: Enabled downloader middlewares:
['scrapy.downloadermiddlewares.robotstxt.RobotsTxtMiddleware',
 'scrapy.downloadermiddlewares.httpauth.HttpAuthMiddleware',
 'scrapy.downloadermiddlewares.downloadtimeout.DownloadTimeoutMiddleware',
 'scrapy.downloadermiddlewares.defaultheaders.DefaultHeadersMiddleware',
 'scrapy.downloadermiddlewares.useragent.UserAgentMiddleware',
 'scrapy.downloadermiddlewares.retry.RetryMiddleware',
 'scrapy.downloadermiddlewares.redirect.MetaRefreshMiddleware',
 'scrapy.downloadermiddlewares.httpcompression.HttpCompressionMiddleware',
 'scrapy.downloadermiddlewares.redirect.RedirectMiddleware',
 'scrapy.downloadermiddlewares.cookies.CookiesMiddleware',
 'scrapy.downloadermiddlewares.httpproxy.HttpProxyMiddleware',
 'scrapy.downloadermiddlewares.stats.DownloaderStats']
2017-11-09 11:16:37 [scrapy.middleware] INFO: Enabled spider middlewares:
['scrapy.spidermiddlewares.httperror.HttpErrorMiddleware',
 'scrapy.spidermiddlewares.offsite.OffsiteMiddleware',
 'scrapy.spidermiddlewares.referer.RefererMiddleware',
 'scrapy.spidermiddlewares.urllength.UrlLengthMiddleware',
 'scrapy.spidermiddlewares.depth.DepthMiddleware']
2017-11-09 11:16:37 [scrapy.middleware] INFO: Enabled item pipelines:
[]
2017-11-09 11:16:37 [scrapy.core.engine] INFO: Spider opened
2017-11-09 11:16:37 [scrapy.extensions.logstats] INFO: Crawled 0 pages (at 0 pages/min), scraped 0 items (at 0 items/min)
2017-11-09 11:16:37 [scrapy.extensions.telnet] DEBUG: Telnet console listening on 127.0.0.1:6023
2017-11-09 11:16:38 [scrapy.core.engine] DEBUG: Crawled (404) <GET http://www.hkexnews.hk/robots.txt> (referer: None)
2017-11-09 11:16:40 [scrapy.core.engine] DEBUG: Crawled (200) <GET http://www.hkexnews.hk/sdw/search/mutualmarket.aspx?t=hk> (referer: None)
2017-11-09 11:16:40 [scrapy.core.engine] INFO: Closing spider (finished)
2017-11-09 11:16:40 [scrapy.statscollectors] INFO: Dumping Scrapy stats:
{'downloader/request_bytes': 564,
 'downloader/request_count': 2,
 'downloader/request_method_count/GET': 2,
 'downloader/response_bytes': 427331,
 'downloader/response_count': 2,
 'downloader/response_status_count/200': 1,
 'downloader/response_status_count/404': 1,
 'finish_reason': 'finished',
 'finish_time': datetime.datetime(2017, 11, 9, 11, 16, 40, 849142),
 'log_count/DEBUG': 3,
 'log_count/INFO': 7,
 'memusage/max': 50204672,
 'memusage/startup': 50204672,
 'response_received_count': 2,
 'scheduler/dequeued': 1,
 'scheduler/dequeued/memory': 1,
 'scheduler/enqueued': 1,
 'scheduler/enqueued/memory': 1,
 'start_time': datetime.datetime(2017, 11, 9, 11, 16, 37, 165914)}
2017-11-09 11:16:40 [scrapy.core.engine] INFO: Spider closed (finished)
2017-11-10 11:16:41 [scrapy.utils.log] INFO: Scrapy 1.4.0 started (bot: stock)
2017-11-10 11:16:41 [scrapy.utils.log] INFO: Overridden settings: {'NEWSPIDER_MODULE': 'stock.spiders', 'SPIDER_MODULES': ['stock.spiders'], 'ROBOTSTXT_OBEY': True, 'BOT_NAME': 'stock'}
2017-11-10 11:16:41 [scrapy.middleware] INFO: Enabled extensions:
['scrapy.extensions.memusage.MemoryUsage',
 'scrapy.extensions.logstats.LogStats',
 'scrapy.extensions.telnet.TelnetConsole',
 'scrapy.extensions.corestats.CoreStats']
2017-11-10 11:16:41 [scrapy.middleware] INFO: Enabled downloader middlewares:
['scrapy.downloadermiddlewares.robotstxt.RobotsTxtMiddleware',
 'scrapy.downloadermiddlewares.httpauth.HttpAuthMiddleware',
 'scrapy.downloadermiddlewares.downloadtimeout.DownloadTimeoutMiddleware',
 'scrapy.downloadermiddlewares.defaultheaders.DefaultHeadersMiddleware',
 'scrapy.downloadermiddlewares.useragent.UserAgentMiddleware',
 'scrapy.downloadermiddlewares.retry.RetryMiddleware',
 'scrapy.downloadermiddlewares.redirect.MetaRefreshMiddleware',
 'scrapy.downloadermiddlewares.httpcompression.HttpCompressionMiddleware',
 'scrapy.downloadermiddlewares.redirect.RedirectMiddleware',
 'scrapy.downloadermiddlewares.cookies.CookiesMiddleware',
 'scrapy.downloadermiddlewares.httpproxy.HttpProxyMiddleware',
 'scrapy.downloadermiddlewares.stats.DownloaderStats']
2017-11-10 11:16:41 [scrapy.middleware] INFO: Enabled spider middlewares:
['scrapy.spidermiddlewares.httperror.HttpErrorMiddleware',
 'scrapy.spidermiddlewares.offsite.OffsiteMiddleware',
 'scrapy.spidermiddlewares.referer.RefererMiddleware',
 'scrapy.spidermiddlewares.urllength.UrlLengthMiddleware',
 'scrapy.spidermiddlewares.depth.DepthMiddleware']
2017-11-10 11:16:41 [scrapy.middleware] INFO: Enabled item pipelines:
[]
2017-11-10 11:16:41 [scrapy.core.engine] INFO: Spider opened
2017-11-10 11:16:41 [scrapy.extensions.logstats] INFO: Crawled 0 pages (at 0 pages/min), scraped 0 items (at 0 items/min)
2017-11-10 11:16:41 [scrapy.extensions.telnet] DEBUG: Telnet console listening on 127.0.0.1:6023
2017-11-10 11:16:42 [scrapy.core.engine] DEBUG: Crawled (404) <GET http://www.hkexnews.hk/robots.txt> (referer: None)
2017-11-10 11:16:45 [scrapy.core.engine] DEBUG: Crawled (200) <GET http://www.hkexnews.hk/sdw/search/mutualmarket.aspx?t=hk> (referer: None)
2017-11-10 11:16:45 [scrapy.core.engine] INFO: Closing spider (finished)
2017-11-10 11:16:45 [scrapy.statscollectors] INFO: Dumping Scrapy stats:
{'downloader/request_bytes': 564,
 'downloader/request_count': 2,
 'downloader/request_method_count/GET': 2,
 'downloader/response_bytes': 427333,
 'downloader/response_count': 2,
 'downloader/response_status_count/200': 1,
 'downloader/response_status_count/404': 1,
 'finish_reason': 'finished',
 'finish_time': datetime.datetime(2017, 11, 10, 11, 16, 45, 489946),
 'log_count/DEBUG': 3,
 'log_count/INFO': 7,
 'memusage/max': 50413568,
 'memusage/startup': 50413568,
 'response_received_count': 2,
 'scheduler/dequeued': 1,
 'scheduler/dequeued/memory': 1,
 'scheduler/enqueued': 1,
 'scheduler/enqueued/memory': 1,
 'start_time': datetime.datetime(2017, 11, 10, 11, 16, 41, 673669)}
2017-11-10 11:16:45 [scrapy.core.engine] INFO: Spider closed (finished)
2017-11-11 11:16:46 [scrapy.utils.log] INFO: Scrapy 1.4.0 started (bot: stock)
2017-11-11 11:16:46 [scrapy.utils.log] INFO: Overridden settings: {'NEWSPIDER_MODULE': 'stock.spiders', 'SPIDER_MODULES': ['stock.spiders'], 'ROBOTSTXT_OBEY': True, 'BOT_NAME': 'stock'}
2017-11-11 11:16:46 [scrapy.middleware] INFO: Enabled extensions:
['scrapy.extensions.memusage.MemoryUsage',
 'scrapy.extensions.logstats.LogStats',
 'scrapy.extensions.telnet.TelnetConsole',
 'scrapy.extensions.corestats.CoreStats']
2017-11-11 11:16:46 [scrapy.middleware] INFO: Enabled downloader middlewares:
['scrapy.downloadermiddlewares.robotstxt.RobotsTxtMiddleware',
 'scrapy.downloadermiddlewares.httpauth.HttpAuthMiddleware',
 'scrapy.downloadermiddlewares.downloadtimeout.DownloadTimeoutMiddleware',
 'scrapy.downloadermiddlewares.defaultheaders.DefaultHeadersMiddleware',
 'scrapy.downloadermiddlewares.useragent.UserAgentMiddleware',
 'scrapy.downloadermiddlewares.retry.RetryMiddleware',
 'scrapy.downloadermiddlewares.redirect.MetaRefreshMiddleware',
 'scrapy.downloadermiddlewares.httpcompression.HttpCompressionMiddleware',
 'scrapy.downloadermiddlewares.redirect.RedirectMiddleware',
 'scrapy.downloadermiddlewares.cookies.CookiesMiddleware',
 'scrapy.downloadermiddlewares.httpproxy.HttpProxyMiddleware',
 'scrapy.downloadermiddlewares.stats.DownloaderStats']
2017-11-11 11:16:46 [scrapy.middleware] INFO: Enabled spider middlewares:
['scrapy.spidermiddlewares.httperror.HttpErrorMiddleware',
 'scrapy.spidermiddlewares.offsite.OffsiteMiddleware',
 'scrapy.spidermiddlewares.referer.RefererMiddleware',
 'scrapy.spidermiddlewares.urllength.UrlLengthMiddleware',
 'scrapy.spidermiddlewares.depth.DepthMiddleware']
2017-11-11 11:16:46 [scrapy.middleware] INFO: Enabled item pipelines:
[]
2017-11-11 11:16:46 [scrapy.core.engine] INFO: Spider opened
2017-11-11 11:16:46 [scrapy.extensions.logstats] INFO: Crawled 0 pages (at 0 pages/min), scraped 0 items (at 0 items/min)
2017-11-11 11:16:46 [scrapy.extensions.telnet] DEBUG: Telnet console listening on 127.0.0.1:6023
2017-11-11 11:16:47 [scrapy.core.engine] DEBUG: Crawled (404) <GET http://www.hkexnews.hk/robots.txt> (referer: None)
2017-11-11 11:16:49 [scrapy.core.engine] DEBUG: Crawled (200) <GET http://www.hkexnews.hk/sdw/search/mutualmarket.aspx?t=hk> (referer: None)
2017-11-11 11:16:50 [scrapy.core.engine] INFO: Closing spider (finished)
2017-11-11 11:16:50 [scrapy.statscollectors] INFO: Dumping Scrapy stats:
{'downloader/request_bytes': 564,
 'downloader/request_count': 2,
 'downloader/request_method_count/GET': 2,
 'downloader/response_bytes': 427336,
 'downloader/response_count': 2,
 'downloader/response_status_count/200': 1,
 'downloader/response_status_count/404': 1,
 'finish_reason': 'finished',
 'finish_time': datetime.datetime(2017, 11, 11, 11, 16, 50, 78008),
 'log_count/DEBUG': 3,
 'log_count/INFO': 7,
 'memusage/max': 50233344,
 'memusage/startup': 50233344,
 'response_received_count': 2,
 'scheduler/dequeued': 1,
 'scheduler/dequeued/memory': 1,
 'scheduler/enqueued': 1,
 'scheduler/enqueued/memory': 1,
 'start_time': datetime.datetime(2017, 11, 11, 11, 16, 46, 398544)}
2017-11-11 11:16:50 [scrapy.core.engine] INFO: Spider closed (finished)
2017-11-12 11:16:50 [scrapy.utils.log] INFO: Scrapy 1.4.0 started (bot: stock)
2017-11-12 11:16:50 [scrapy.utils.log] INFO: Overridden settings: {'NEWSPIDER_MODULE': 'stock.spiders', 'SPIDER_MODULES': ['stock.spiders'], 'ROBOTSTXT_OBEY': True, 'BOT_NAME': 'stock'}
2017-11-12 11:16:50 [scrapy.middleware] INFO: Enabled extensions:
['scrapy.extensions.memusage.MemoryUsage',
 'scrapy.extensions.logstats.LogStats',
 'scrapy.extensions.telnet.TelnetConsole',
 'scrapy.extensions.corestats.CoreStats']
2017-11-12 11:16:50 [scrapy.middleware] INFO: Enabled downloader middlewares:
['scrapy.downloadermiddlewares.robotstxt.RobotsTxtMiddleware',
 'scrapy.downloadermiddlewares.httpauth.HttpAuthMiddleware',
 'scrapy.downloadermiddlewares.downloadtimeout.DownloadTimeoutMiddleware',
 'scrapy.downloadermiddlewares.defaultheaders.DefaultHeadersMiddleware',
 'scrapy.downloadermiddlewares.useragent.UserAgentMiddleware',
 'scrapy.downloadermiddlewares.retry.RetryMiddleware',
 'scrapy.downloadermiddlewares.redirect.MetaRefreshMiddleware',
 'scrapy.downloadermiddlewares.httpcompression.HttpCompressionMiddleware',
 'scrapy.downloadermiddlewares.redirect.RedirectMiddleware',
 'scrapy.downloadermiddlewares.cookies.CookiesMiddleware',
 'scrapy.downloadermiddlewares.httpproxy.HttpProxyMiddleware',
 'scrapy.downloadermiddlewares.stats.DownloaderStats']
2017-11-12 11:16:50 [scrapy.middleware] INFO: Enabled spider middlewares:
['scrapy.spidermiddlewares.httperror.HttpErrorMiddleware',
 'scrapy.spidermiddlewares.offsite.OffsiteMiddleware',
 'scrapy.spidermiddlewares.referer.RefererMiddleware',
 'scrapy.spidermiddlewares.urllength.UrlLengthMiddleware',
 'scrapy.spidermiddlewares.depth.DepthMiddleware']
2017-11-12 11:16:50 [scrapy.middleware] INFO: Enabled item pipelines:
[]
2017-11-12 11:16:50 [scrapy.core.engine] INFO: Spider opened
2017-11-12 11:16:50 [scrapy.extensions.logstats] INFO: Crawled 0 pages (at 0 pages/min), scraped 0 items (at 0 items/min)
2017-11-12 11:16:50 [scrapy.extensions.telnet] DEBUG: Telnet console listening on 127.0.0.1:6023
2017-11-12 11:16:52 [scrapy.core.engine] DEBUG: Crawled (404) <GET http://www.hkexnews.hk/robots.txt> (referer: None)
2017-11-12 11:16:54 [scrapy.core.engine] DEBUG: Crawled (200) <GET http://www.hkexnews.hk/sdw/search/mutualmarket.aspx?t=hk> (referer: None)
2017-11-12 11:16:55 [scrapy.core.engine] INFO: Closing spider (finished)
2017-11-12 11:16:55 [scrapy.statscollectors] INFO: Dumping Scrapy stats:
{'downloader/request_bytes': 564,
 'downloader/request_count': 2,
 'downloader/request_method_count/GET': 2,
 'downloader/response_bytes': 427336,
 'downloader/response_count': 2,
 'downloader/response_status_count/200': 1,
 'downloader/response_status_count/404': 1,
 'finish_reason': 'finished',
 'finish_time': datetime.datetime(2017, 11, 12, 11, 16, 55, 250567),
 'log_count/DEBUG': 3,
 'log_count/INFO': 7,
 'memusage/max': 49975296,
 'memusage/startup': 49975296,
 'response_received_count': 2,
 'scheduler/dequeued': 1,
 'scheduler/dequeued/memory': 1,
 'scheduler/enqueued': 1,
 'scheduler/enqueued/memory': 1,
 'start_time': datetime.datetime(2017, 11, 12, 11, 16, 50, 971995)}
2017-11-12 11:16:55 [scrapy.core.engine] INFO: Spider closed (finished)
2017-11-13 11:16:56 [scrapy.utils.log] INFO: Scrapy 1.4.0 started (bot: stock)
2017-11-13 11:16:56 [scrapy.utils.log] INFO: Overridden settings: {'NEWSPIDER_MODULE': 'stock.spiders', 'SPIDER_MODULES': ['stock.spiders'], 'ROBOTSTXT_OBEY': True, 'BOT_NAME': 'stock'}
2017-11-13 11:16:56 [scrapy.middleware] INFO: Enabled extensions:
['scrapy.extensions.memusage.MemoryUsage',
 'scrapy.extensions.logstats.LogStats',
 'scrapy.extensions.telnet.TelnetConsole',
 'scrapy.extensions.corestats.CoreStats']
2017-11-13 11:16:56 [scrapy.middleware] INFO: Enabled downloader middlewares:
['scrapy.downloadermiddlewares.robotstxt.RobotsTxtMiddleware',
 'scrapy.downloadermiddlewares.httpauth.HttpAuthMiddleware',
 'scrapy.downloadermiddlewares.downloadtimeout.DownloadTimeoutMiddleware',
 'scrapy.downloadermiddlewares.defaultheaders.DefaultHeadersMiddleware',
 'scrapy.downloadermiddlewares.useragent.UserAgentMiddleware',
 'scrapy.downloadermiddlewares.retry.RetryMiddleware',
 'scrapy.downloadermiddlewares.redirect.MetaRefreshMiddleware',
 'scrapy.downloadermiddlewares.httpcompression.HttpCompressionMiddleware',
 'scrapy.downloadermiddlewares.redirect.RedirectMiddleware',
 'scrapy.downloadermiddlewares.cookies.CookiesMiddleware',
 'scrapy.downloadermiddlewares.httpproxy.HttpProxyMiddleware',
 'scrapy.downloadermiddlewares.stats.DownloaderStats']
2017-11-13 11:16:56 [scrapy.middleware] INFO: Enabled spider middlewares:
['scrapy.spidermiddlewares.httperror.HttpErrorMiddleware',
 'scrapy.spidermiddlewares.offsite.OffsiteMiddleware',
 'scrapy.spidermiddlewares.referer.RefererMiddleware',
 'scrapy.spidermiddlewares.urllength.UrlLengthMiddleware',
 'scrapy.spidermiddlewares.depth.DepthMiddleware']
2017-11-13 11:16:56 [scrapy.middleware] INFO: Enabled item pipelines:
[]
2017-11-13 11:16:56 [scrapy.core.engine] INFO: Spider opened
2017-11-13 11:16:56 [scrapy.extensions.logstats] INFO: Crawled 0 pages (at 0 pages/min), scraped 0 items (at 0 items/min)
2017-11-13 11:16:56 [scrapy.extensions.telnet] DEBUG: Telnet console listening on 127.0.0.1:6023
2017-11-13 11:16:57 [scrapy.core.engine] DEBUG: Crawled (404) <GET http://www.hkexnews.hk/robots.txt> (referer: None)
2017-11-13 11:16:59 [scrapy.core.engine] DEBUG: Crawled (200) <GET http://www.hkexnews.hk/sdw/search/mutualmarket.aspx?t=hk> (referer: None)
2017-11-13 11:17:00 [scrapy.core.engine] INFO: Closing spider (finished)
2017-11-13 11:17:00 [scrapy.statscollectors] INFO: Dumping Scrapy stats:
{'downloader/request_bytes': 564,
 'downloader/request_count': 2,
 'downloader/request_method_count/GET': 2,
 'downloader/response_bytes': 427336,
 'downloader/response_count': 2,
 'downloader/response_status_count/200': 1,
 'downloader/response_status_count/404': 1,
 'finish_reason': 'finished',
 'finish_time': datetime.datetime(2017, 11, 13, 11, 17, 0, 47301),
 'log_count/DEBUG': 3,
 'log_count/INFO': 7,
 'memusage/max': 50126848,
 'memusage/startup': 50126848,
 'response_received_count': 2,
 'scheduler/dequeued': 1,
 'scheduler/dequeued/memory': 1,
 'scheduler/enqueued': 1,
 'scheduler/enqueued/memory': 1,
 'start_time': datetime.datetime(2017, 11, 13, 11, 16, 56, 184120)}
2017-11-13 11:17:00 [scrapy.core.engine] INFO: Spider closed (finished)
2017-11-14 11:17:00 [scrapy.utils.log] INFO: Scrapy 1.4.0 started (bot: stock)
2017-11-14 11:17:00 [scrapy.utils.log] INFO: Overridden settings: {'NEWSPIDER_MODULE': 'stock.spiders', 'SPIDER_MODULES': ['stock.spiders'], 'ROBOTSTXT_OBEY': True, 'BOT_NAME': 'stock'}
2017-11-14 11:17:00 [scrapy.middleware] INFO: Enabled extensions:
['scrapy.extensions.memusage.MemoryUsage',
 'scrapy.extensions.logstats.LogStats',
 'scrapy.extensions.telnet.TelnetConsole',
 'scrapy.extensions.corestats.CoreStats']
2017-11-14 11:17:00 [scrapy.middleware] INFO: Enabled downloader middlewares:
['scrapy.downloadermiddlewares.robotstxt.RobotsTxtMiddleware',
 'scrapy.downloadermiddlewares.httpauth.HttpAuthMiddleware',
 'scrapy.downloadermiddlewares.downloadtimeout.DownloadTimeoutMiddleware',
 'scrapy.downloadermiddlewares.defaultheaders.DefaultHeadersMiddleware',
 'scrapy.downloadermiddlewares.useragent.UserAgentMiddleware',
 'scrapy.downloadermiddlewares.retry.RetryMiddleware',
 'scrapy.downloadermiddlewares.redirect.MetaRefreshMiddleware',
 'scrapy.downloadermiddlewares.httpcompression.HttpCompressionMiddleware',
 'scrapy.downloadermiddlewares.redirect.RedirectMiddleware',
 'scrapy.downloadermiddlewares.cookies.CookiesMiddleware',
 'scrapy.downloadermiddlewares.httpproxy.HttpProxyMiddleware',
 'scrapy.downloadermiddlewares.stats.DownloaderStats']
2017-11-14 11:17:00 [scrapy.middleware] INFO: Enabled spider middlewares:
['scrapy.spidermiddlewares.httperror.HttpErrorMiddleware',
 'scrapy.spidermiddlewares.offsite.OffsiteMiddleware',
 'scrapy.spidermiddlewares.referer.RefererMiddleware',
 'scrapy.spidermiddlewares.urllength.UrlLengthMiddleware',
 'scrapy.spidermiddlewares.depth.DepthMiddleware']
2017-11-14 11:17:00 [scrapy.middleware] INFO: Enabled item pipelines:
[]
2017-11-14 11:17:00 [scrapy.core.engine] INFO: Spider opened
2017-11-14 11:17:00 [scrapy.extensions.logstats] INFO: Crawled 0 pages (at 0 pages/min), scraped 0 items (at 0 items/min)
2017-11-14 11:17:00 [scrapy.extensions.telnet] DEBUG: Telnet console listening on 127.0.0.1:6023
2017-11-14 11:17:01 [scrapy.core.engine] DEBUG: Crawled (404) <GET http://www.hkexnews.hk/robots.txt> (referer: None)
2017-11-14 11:17:04 [scrapy.core.engine] DEBUG: Crawled (200) <GET http://www.hkexnews.hk/sdw/search/mutualmarket.aspx?t=hk> (referer: None)
2017-11-14 11:17:04 [scrapy.core.engine] INFO: Closing spider (finished)
2017-11-14 11:17:04 [scrapy.statscollectors] INFO: Dumping Scrapy stats:
{'downloader/request_bytes': 564,
 'downloader/request_count': 2,
 'downloader/request_method_count/GET': 2,
 'downloader/response_bytes': 427331,
 'downloader/response_count': 2,
 'downloader/response_status_count/200': 1,
 'downloader/response_status_count/404': 1,
 'finish_reason': 'finished',
 'finish_time': datetime.datetime(2017, 11, 14, 11, 17, 4, 317834),
 'log_count/DEBUG': 3,
 'log_count/INFO': 7,
 'memusage/max': 50462720,
 'memusage/startup': 50462720,
 'response_received_count': 2,
 'scheduler/dequeued': 1,
 'scheduler/dequeued/memory': 1,
 'scheduler/enqueued': 1,
 'scheduler/enqueued/memory': 1,
 'start_time': datetime.datetime(2017, 11, 14, 11, 17, 0, 946166)}
2017-11-14 11:17:04 [scrapy.core.engine] INFO: Spider closed (finished)
2017-11-15 11:17:05 [scrapy.utils.log] INFO: Scrapy 1.4.0 started (bot: stock)
2017-11-15 11:17:05 [scrapy.utils.log] INFO: Overridden settings: {'NEWSPIDER_MODULE': 'stock.spiders', 'SPIDER_MODULES': ['stock.spiders'], 'ROBOTSTXT_OBEY': True, 'BOT_NAME': 'stock'}
2017-11-15 11:17:05 [scrapy.middleware] INFO: Enabled extensions:
['scrapy.extensions.memusage.MemoryUsage',
 'scrapy.extensions.logstats.LogStats',
 'scrapy.extensions.telnet.TelnetConsole',
 'scrapy.extensions.corestats.CoreStats']
2017-11-15 11:17:05 [scrapy.middleware] INFO: Enabled downloader middlewares:
['scrapy.downloadermiddlewares.robotstxt.RobotsTxtMiddleware',
 'scrapy.downloadermiddlewares.httpauth.HttpAuthMiddleware',
 'scrapy.downloadermiddlewares.downloadtimeout.DownloadTimeoutMiddleware',
 'scrapy.downloadermiddlewares.defaultheaders.DefaultHeadersMiddleware',
 'scrapy.downloadermiddlewares.useragent.UserAgentMiddleware',
 'scrapy.downloadermiddlewares.retry.RetryMiddleware',
 'scrapy.downloadermiddlewares.redirect.MetaRefreshMiddleware',
 'scrapy.downloadermiddlewares.httpcompression.HttpCompressionMiddleware',
 'scrapy.downloadermiddlewares.redirect.RedirectMiddleware',
 'scrapy.downloadermiddlewares.cookies.CookiesMiddleware',
 'scrapy.downloadermiddlewares.httpproxy.HttpProxyMiddleware',
 'scrapy.downloadermiddlewares.stats.DownloaderStats']
2017-11-15 11:17:05 [scrapy.middleware] INFO: Enabled spider middlewares:
['scrapy.spidermiddlewares.httperror.HttpErrorMiddleware',
 'scrapy.spidermiddlewares.offsite.OffsiteMiddleware',
 'scrapy.spidermiddlewares.referer.RefererMiddleware',
 'scrapy.spidermiddlewares.urllength.UrlLengthMiddleware',
 'scrapy.spidermiddlewares.depth.DepthMiddleware']
2017-11-15 11:17:05 [scrapy.middleware] INFO: Enabled item pipelines:
[]
2017-11-15 11:17:05 [scrapy.core.engine] INFO: Spider opened
2017-11-15 11:17:05 [scrapy.extensions.logstats] INFO: Crawled 0 pages (at 0 pages/min), scraped 0 items (at 0 items/min)
2017-11-15 11:17:05 [scrapy.extensions.telnet] DEBUG: Telnet console listening on 127.0.0.1:6023
2017-11-15 11:17:06 [scrapy.core.engine] DEBUG: Crawled (404) <GET http://www.hkexnews.hk/robots.txt> (referer: None)
2017-11-15 11:17:09 [scrapy.core.engine] DEBUG: Crawled (200) <GET http://www.hkexnews.hk/sdw/search/mutualmarket.aspx?t=hk> (referer: None)
2017-11-15 11:17:09 [scrapy.core.engine] INFO: Closing spider (finished)
2017-11-15 11:17:09 [scrapy.statscollectors] INFO: Dumping Scrapy stats:
{'downloader/request_bytes': 564,
 'downloader/request_count': 2,
 'downloader/request_method_count/GET': 2,
 'downloader/response_bytes': 427335,
 'downloader/response_count': 2,
 'downloader/response_status_count/200': 1,
 'downloader/response_status_count/404': 1,
 'finish_reason': 'finished',
 'finish_time': datetime.datetime(2017, 11, 15, 11, 17, 9, 840433),
 'log_count/DEBUG': 3,
 'log_count/INFO': 7,
 'memusage/max': 50262016,
 'memusage/startup': 50262016,
 'response_received_count': 2,
 'scheduler/dequeued': 1,
 'scheduler/dequeued/memory': 1,
 'scheduler/enqueued': 1,
 'scheduler/enqueued/memory': 1,
 'start_time': datetime.datetime(2017, 11, 15, 11, 17, 5, 284904)}
2017-11-15 11:17:09 [scrapy.core.engine] INFO: Spider closed (finished)
2017-11-16 11:17:10 [scrapy.utils.log] INFO: Scrapy 1.4.0 started (bot: stock)
2017-11-16 11:17:10 [scrapy.utils.log] INFO: Overridden settings: {'NEWSPIDER_MODULE': 'stock.spiders', 'SPIDER_MODULES': ['stock.spiders'], 'ROBOTSTXT_OBEY': True, 'BOT_NAME': 'stock'}
2017-11-16 11:17:10 [scrapy.middleware] INFO: Enabled extensions:
['scrapy.extensions.memusage.MemoryUsage',
 'scrapy.extensions.logstats.LogStats',
 'scrapy.extensions.telnet.TelnetConsole',
 'scrapy.extensions.corestats.CoreStats']
2017-11-16 11:17:10 [scrapy.middleware] INFO: Enabled downloader middlewares:
['scrapy.downloadermiddlewares.robotstxt.RobotsTxtMiddleware',
 'scrapy.downloadermiddlewares.httpauth.HttpAuthMiddleware',
 'scrapy.downloadermiddlewares.downloadtimeout.DownloadTimeoutMiddleware',
 'scrapy.downloadermiddlewares.defaultheaders.DefaultHeadersMiddleware',
 'scrapy.downloadermiddlewares.useragent.UserAgentMiddleware',
 'scrapy.downloadermiddlewares.retry.RetryMiddleware',
 'scrapy.downloadermiddlewares.redirect.MetaRefreshMiddleware',
 'scrapy.downloadermiddlewares.httpcompression.HttpCompressionMiddleware',
 'scrapy.downloadermiddlewares.redirect.RedirectMiddleware',
 'scrapy.downloadermiddlewares.cookies.CookiesMiddleware',
 'scrapy.downloadermiddlewares.httpproxy.HttpProxyMiddleware',
 'scrapy.downloadermiddlewares.stats.DownloaderStats']
2017-11-16 11:17:10 [scrapy.middleware] INFO: Enabled spider middlewares:
['scrapy.spidermiddlewares.httperror.HttpErrorMiddleware',
 'scrapy.spidermiddlewares.offsite.OffsiteMiddleware',
 'scrapy.spidermiddlewares.referer.RefererMiddleware',
 'scrapy.spidermiddlewares.urllength.UrlLengthMiddleware',
 'scrapy.spidermiddlewares.depth.DepthMiddleware']
2017-11-16 11:17:10 [scrapy.middleware] INFO: Enabled item pipelines:
[]
2017-11-16 11:17:10 [scrapy.core.engine] INFO: Spider opened
2017-11-16 11:17:10 [scrapy.extensions.logstats] INFO: Crawled 0 pages (at 0 pages/min), scraped 0 items (at 0 items/min)
2017-11-16 11:17:10 [scrapy.extensions.telnet] DEBUG: Telnet console listening on 127.0.0.1:6023
2017-11-16 11:17:11 [scrapy.core.engine] DEBUG: Crawled (404) <GET http://www.hkexnews.hk/robots.txt> (referer: None)
2017-11-16 11:17:14 [scrapy.core.engine] DEBUG: Crawled (200) <GET http://www.hkexnews.hk/sdw/search/mutualmarket.aspx?t=hk> (referer: None)
2017-11-16 11:17:15 [scrapy.core.engine] INFO: Closing spider (finished)
2017-11-16 11:17:15 [scrapy.statscollectors] INFO: Dumping Scrapy stats:
{'downloader/request_bytes': 564,
 'downloader/request_count': 2,
 'downloader/request_method_count/GET': 2,
 'downloader/response_bytes': 427334,
 'downloader/response_count': 2,
 'downloader/response_status_count/200': 1,
 'downloader/response_status_count/404': 1,
 'finish_reason': 'finished',
 'finish_time': datetime.datetime(2017, 11, 16, 11, 17, 15, 236283),
 'log_count/DEBUG': 3,
 'log_count/INFO': 7,
 'memusage/max': 50147328,
 'memusage/startup': 50147328,
 'response_received_count': 2,
 'scheduler/dequeued': 1,
 'scheduler/dequeued/memory': 1,
 'scheduler/enqueued': 1,
 'scheduler/enqueued/memory': 1,
 'start_time': datetime.datetime(2017, 11, 16, 11, 17, 10, 784010)}
2017-11-16 11:17:15 [scrapy.core.engine] INFO: Spider closed (finished)
2017-11-17 11:17:16 [scrapy.utils.log] INFO: Scrapy 1.4.0 started (bot: stock)
2017-11-17 11:17:16 [scrapy.utils.log] INFO: Overridden settings: {'NEWSPIDER_MODULE': 'stock.spiders', 'SPIDER_MODULES': ['stock.spiders'], 'ROBOTSTXT_OBEY': True, 'BOT_NAME': 'stock'}
2017-11-17 11:17:16 [scrapy.middleware] INFO: Enabled extensions:
['scrapy.extensions.memusage.MemoryUsage',
 'scrapy.extensions.logstats.LogStats',
 'scrapy.extensions.telnet.TelnetConsole',
 'scrapy.extensions.corestats.CoreStats']
2017-11-17 11:17:16 [scrapy.middleware] INFO: Enabled downloader middlewares:
['scrapy.downloadermiddlewares.robotstxt.RobotsTxtMiddleware',
 'scrapy.downloadermiddlewares.httpauth.HttpAuthMiddleware',
 'scrapy.downloadermiddlewares.downloadtimeout.DownloadTimeoutMiddleware',
 'scrapy.downloadermiddlewares.defaultheaders.DefaultHeadersMiddleware',
 'scrapy.downloadermiddlewares.useragent.UserAgentMiddleware',
 'scrapy.downloadermiddlewares.retry.RetryMiddleware',
 'scrapy.downloadermiddlewares.redirect.MetaRefreshMiddleware',
 'scrapy.downloadermiddlewares.httpcompression.HttpCompressionMiddleware',
 'scrapy.downloadermiddlewares.redirect.RedirectMiddleware',
 'scrapy.downloadermiddlewares.cookies.CookiesMiddleware',
 'scrapy.downloadermiddlewares.httpproxy.HttpProxyMiddleware',
 'scrapy.downloadermiddlewares.stats.DownloaderStats']
2017-11-17 11:17:16 [scrapy.middleware] INFO: Enabled spider middlewares:
['scrapy.spidermiddlewares.httperror.HttpErrorMiddleware',
 'scrapy.spidermiddlewares.offsite.OffsiteMiddleware',
 'scrapy.spidermiddlewares.referer.RefererMiddleware',
 'scrapy.spidermiddlewares.urllength.UrlLengthMiddleware',
 'scrapy.spidermiddlewares.depth.DepthMiddleware']
2017-11-17 11:17:16 [scrapy.middleware] INFO: Enabled item pipelines:
[]
2017-11-17 11:17:16 [scrapy.core.engine] INFO: Spider opened
2017-11-17 11:17:16 [scrapy.extensions.logstats] INFO: Crawled 0 pages (at 0 pages/min), scraped 0 items (at 0 items/min)
2017-11-17 11:17:16 [scrapy.extensions.telnet] DEBUG: Telnet console listening on 127.0.0.1:6023
2017-11-17 11:17:17 [scrapy.core.engine] DEBUG: Crawled (404) <GET http://www.hkexnews.hk/robots.txt> (referer: None)
2017-11-17 11:17:19 [scrapy.core.engine] DEBUG: Crawled (200) <GET http://www.hkexnews.hk/sdw/search/mutualmarket.aspx?t=hk> (referer: None)
2017-11-17 11:17:20 [scrapy.core.engine] INFO: Closing spider (finished)
2017-11-17 11:17:20 [scrapy.statscollectors] INFO: Dumping Scrapy stats:
{'downloader/request_bytes': 564,
 'downloader/request_count': 2,
 'downloader/request_method_count/GET': 2,
 'downloader/response_bytes': 428164,
 'downloader/response_count': 2,
 'downloader/response_status_count/200': 1,
 'downloader/response_status_count/404': 1,
 'finish_reason': 'finished',
 'finish_time': datetime.datetime(2017, 11, 17, 11, 17, 20, 216303),
 'log_count/DEBUG': 3,
 'log_count/INFO': 7,
 'memusage/max': 50204672,
 'memusage/startup': 50204672,
 'response_received_count': 2,
 'scheduler/dequeued': 1,
 'scheduler/dequeued/memory': 1,
 'scheduler/enqueued': 1,
 'scheduler/enqueued/memory': 1,
 'start_time': datetime.datetime(2017, 11, 17, 11, 17, 16, 112071)}
2017-11-17 11:17:20 [scrapy.core.engine] INFO: Spider closed (finished)
2017-11-18 11:17:21 [scrapy.utils.log] INFO: Scrapy 1.4.0 started (bot: stock)
2017-11-18 11:17:21 [scrapy.utils.log] INFO: Overridden settings: {'NEWSPIDER_MODULE': 'stock.spiders', 'SPIDER_MODULES': ['stock.spiders'], 'ROBOTSTXT_OBEY': True, 'BOT_NAME': 'stock'}
2017-11-18 11:17:21 [scrapy.middleware] INFO: Enabled extensions:
['scrapy.extensions.memusage.MemoryUsage',
 'scrapy.extensions.logstats.LogStats',
 'scrapy.extensions.telnet.TelnetConsole',
 'scrapy.extensions.corestats.CoreStats']
2017-11-18 11:17:21 [scrapy.middleware] INFO: Enabled downloader middlewares:
['scrapy.downloadermiddlewares.robotstxt.RobotsTxtMiddleware',
 'scrapy.downloadermiddlewares.httpauth.HttpAuthMiddleware',
 'scrapy.downloadermiddlewares.downloadtimeout.DownloadTimeoutMiddleware',
 'scrapy.downloadermiddlewares.defaultheaders.DefaultHeadersMiddleware',
 'scrapy.downloadermiddlewares.useragent.UserAgentMiddleware',
 'scrapy.downloadermiddlewares.retry.RetryMiddleware',
 'scrapy.downloadermiddlewares.redirect.MetaRefreshMiddleware',
 'scrapy.downloadermiddlewares.httpcompression.HttpCompressionMiddleware',
 'scrapy.downloadermiddlewares.redirect.RedirectMiddleware',
 'scrapy.downloadermiddlewares.cookies.CookiesMiddleware',
 'scrapy.downloadermiddlewares.httpproxy.HttpProxyMiddleware',
 'scrapy.downloadermiddlewares.stats.DownloaderStats']
2017-11-18 11:17:21 [scrapy.middleware] INFO: Enabled spider middlewares:
['scrapy.spidermiddlewares.httperror.HttpErrorMiddleware',
 'scrapy.spidermiddlewares.offsite.OffsiteMiddleware',
 'scrapy.spidermiddlewares.referer.RefererMiddleware',
 'scrapy.spidermiddlewares.urllength.UrlLengthMiddleware',
 'scrapy.spidermiddlewares.depth.DepthMiddleware']
2017-11-18 11:17:21 [scrapy.middleware] INFO: Enabled item pipelines:
[]
2017-11-18 11:17:21 [scrapy.core.engine] INFO: Spider opened
2017-11-18 11:17:21 [scrapy.extensions.logstats] INFO: Crawled 0 pages (at 0 pages/min), scraped 0 items (at 0 items/min)
2017-11-18 11:17:21 [scrapy.extensions.telnet] DEBUG: Telnet console listening on 127.0.0.1:6023
2017-11-18 11:17:22 [scrapy.core.engine] DEBUG: Crawled (404) <GET http://www.hkexnews.hk/robots.txt> (referer: None)
2017-11-18 11:17:25 [scrapy.core.engine] DEBUG: Crawled (200) <GET http://www.hkexnews.hk/sdw/search/mutualmarket.aspx?t=hk> (referer: None)
2017-11-18 11:17:25 [scrapy.core.engine] INFO: Closing spider (finished)
2017-11-18 11:17:25 [scrapy.statscollectors] INFO: Dumping Scrapy stats:
{'downloader/request_bytes': 564,
 'downloader/request_count': 2,
 'downloader/request_method_count/GET': 2,
 'downloader/response_bytes': 428165,
 'downloader/response_count': 2,
 'downloader/response_status_count/200': 1,
 'downloader/response_status_count/404': 1,
 'finish_reason': 'finished',
 'finish_time': datetime.datetime(2017, 11, 18, 11, 17, 25, 602937),
 'log_count/DEBUG': 3,
 'log_count/INFO': 7,
 'memusage/max': 50216960,
 'memusage/startup': 50216960,
 'response_received_count': 2,
 'scheduler/dequeued': 1,
 'scheduler/dequeued/memory': 1,
 'scheduler/enqueued': 1,
 'scheduler/enqueued/memory': 1,
 'start_time': datetime.datetime(2017, 11, 18, 11, 17, 21, 209687)}
2017-11-18 11:17:25 [scrapy.core.engine] INFO: Spider closed (finished)
2017-11-19 11:17:26 [scrapy.utils.log] INFO: Scrapy 1.4.0 started (bot: stock)
2017-11-19 11:17:26 [scrapy.utils.log] INFO: Overridden settings: {'NEWSPIDER_MODULE': 'stock.spiders', 'SPIDER_MODULES': ['stock.spiders'], 'ROBOTSTXT_OBEY': True, 'BOT_NAME': 'stock'}
2017-11-19 11:17:26 [scrapy.middleware] INFO: Enabled extensions:
['scrapy.extensions.memusage.MemoryUsage',
 'scrapy.extensions.logstats.LogStats',
 'scrapy.extensions.telnet.TelnetConsole',
 'scrapy.extensions.corestats.CoreStats']
2017-11-19 11:17:26 [scrapy.middleware] INFO: Enabled downloader middlewares:
['scrapy.downloadermiddlewares.robotstxt.RobotsTxtMiddleware',
 'scrapy.downloadermiddlewares.httpauth.HttpAuthMiddleware',
 'scrapy.downloadermiddlewares.downloadtimeout.DownloadTimeoutMiddleware',
 'scrapy.downloadermiddlewares.defaultheaders.DefaultHeadersMiddleware',
 'scrapy.downloadermiddlewares.useragent.UserAgentMiddleware',
 'scrapy.downloadermiddlewares.retry.RetryMiddleware',
 'scrapy.downloadermiddlewares.redirect.MetaRefreshMiddleware',
 'scrapy.downloadermiddlewares.httpcompression.HttpCompressionMiddleware',
 'scrapy.downloadermiddlewares.redirect.RedirectMiddleware',
 'scrapy.downloadermiddlewares.cookies.CookiesMiddleware',
 'scrapy.downloadermiddlewares.httpproxy.HttpProxyMiddleware',
 'scrapy.downloadermiddlewares.stats.DownloaderStats']
2017-11-19 11:17:26 [scrapy.middleware] INFO: Enabled spider middlewares:
['scrapy.spidermiddlewares.httperror.HttpErrorMiddleware',
 'scrapy.spidermiddlewares.offsite.OffsiteMiddleware',
 'scrapy.spidermiddlewares.referer.RefererMiddleware',
 'scrapy.spidermiddlewares.urllength.UrlLengthMiddleware',
 'scrapy.spidermiddlewares.depth.DepthMiddleware']
2017-11-19 11:17:26 [scrapy.middleware] INFO: Enabled item pipelines:
[]
2017-11-19 11:17:26 [scrapy.core.engine] INFO: Spider opened
2017-11-19 11:17:26 [scrapy.extensions.logstats] INFO: Crawled 0 pages (at 0 pages/min), scraped 0 items (at 0 items/min)
2017-11-19 11:17:26 [scrapy.extensions.telnet] DEBUG: Telnet console listening on 127.0.0.1:6023
2017-11-19 11:17:27 [scrapy.core.engine] DEBUG: Crawled (404) <GET http://www.hkexnews.hk/robots.txt> (referer: None)
2017-11-19 11:17:30 [scrapy.core.engine] DEBUG: Crawled (200) <GET http://www.hkexnews.hk/sdw/search/mutualmarket.aspx?t=hk> (referer: None)
2017-11-19 11:17:31 [scrapy.core.engine] INFO: Closing spider (finished)
2017-11-19 11:17:31 [scrapy.statscollectors] INFO: Dumping Scrapy stats:
{'downloader/request_bytes': 564,
 'downloader/request_count': 2,
 'downloader/request_method_count/GET': 2,
 'downloader/response_bytes': 428165,
 'downloader/response_count': 2,
 'downloader/response_status_count/200': 1,
 'downloader/response_status_count/404': 1,
 'finish_reason': 'finished',
 'finish_time': datetime.datetime(2017, 11, 19, 11, 17, 31, 100988),
 'log_count/DEBUG': 3,
 'log_count/INFO': 7,
 'memusage/max': 50081792,
 'memusage/startup': 50081792,
 'response_received_count': 2,
 'scheduler/dequeued': 1,
 'scheduler/dequeued/memory': 1,
 'scheduler/enqueued': 1,
 'scheduler/enqueued/memory': 1,
 'start_time': datetime.datetime(2017, 11, 19, 11, 17, 26, 570215)}
2017-11-19 11:17:31 [scrapy.core.engine] INFO: Spider closed (finished)
2017-11-20 11:17:31 [scrapy.utils.log] INFO: Scrapy 1.4.0 started (bot: stock)
2017-11-20 11:17:31 [scrapy.utils.log] INFO: Overridden settings: {'NEWSPIDER_MODULE': 'stock.spiders', 'SPIDER_MODULES': ['stock.spiders'], 'ROBOTSTXT_OBEY': True, 'BOT_NAME': 'stock'}
2017-11-20 11:17:31 [scrapy.middleware] INFO: Enabled extensions:
['scrapy.extensions.memusage.MemoryUsage',
 'scrapy.extensions.logstats.LogStats',
 'scrapy.extensions.telnet.TelnetConsole',
 'scrapy.extensions.corestats.CoreStats']
2017-11-20 11:17:32 [scrapy.middleware] INFO: Enabled downloader middlewares:
['scrapy.downloadermiddlewares.robotstxt.RobotsTxtMiddleware',
 'scrapy.downloadermiddlewares.httpauth.HttpAuthMiddleware',
 'scrapy.downloadermiddlewares.downloadtimeout.DownloadTimeoutMiddleware',
 'scrapy.downloadermiddlewares.defaultheaders.DefaultHeadersMiddleware',
 'scrapy.downloadermiddlewares.useragent.UserAgentMiddleware',
 'scrapy.downloadermiddlewares.retry.RetryMiddleware',
 'scrapy.downloadermiddlewares.redirect.MetaRefreshMiddleware',
 'scrapy.downloadermiddlewares.httpcompression.HttpCompressionMiddleware',
 'scrapy.downloadermiddlewares.redirect.RedirectMiddleware',
 'scrapy.downloadermiddlewares.cookies.CookiesMiddleware',
 'scrapy.downloadermiddlewares.httpproxy.HttpProxyMiddleware',
 'scrapy.downloadermiddlewares.stats.DownloaderStats']
2017-11-20 11:17:32 [scrapy.middleware] INFO: Enabled spider middlewares:
['scrapy.spidermiddlewares.httperror.HttpErrorMiddleware',
 'scrapy.spidermiddlewares.offsite.OffsiteMiddleware',
 'scrapy.spidermiddlewares.referer.RefererMiddleware',
 'scrapy.spidermiddlewares.urllength.UrlLengthMiddleware',
 'scrapy.spidermiddlewares.depth.DepthMiddleware']
2017-11-20 11:17:32 [scrapy.middleware] INFO: Enabled item pipelines:
[]
2017-11-20 11:17:32 [scrapy.core.engine] INFO: Spider opened
2017-11-20 11:17:32 [scrapy.extensions.logstats] INFO: Crawled 0 pages (at 0 pages/min), scraped 0 items (at 0 items/min)
2017-11-20 11:17:32 [scrapy.extensions.telnet] DEBUG: Telnet console listening on 127.0.0.1:6023
2017-11-20 11:17:33 [scrapy.core.engine] DEBUG: Crawled (404) <GET http://www.hkexnews.hk/robots.txt> (referer: None)
2017-11-20 11:17:36 [scrapy.core.engine] DEBUG: Crawled (200) <GET http://www.hkexnews.hk/sdw/search/mutualmarket.aspx?t=hk> (referer: None)
2017-11-20 11:17:36 [scrapy.core.engine] INFO: Closing spider (finished)
2017-11-20 11:17:36 [scrapy.statscollectors] INFO: Dumping Scrapy stats:
{'downloader/request_bytes': 564,
 'downloader/request_count': 2,
 'downloader/request_method_count/GET': 2,
 'downloader/response_bytes': 428165,
 'downloader/response_count': 2,
 'downloader/response_status_count/200': 1,
 'downloader/response_status_count/404': 1,
 'finish_reason': 'finished',
 'finish_time': datetime.datetime(2017, 11, 20, 11, 17, 36, 627881),
 'log_count/DEBUG': 3,
 'log_count/INFO': 7,
 'memusage/max': 50290688,
 'memusage/startup': 50290688,
 'response_received_count': 2,
 'scheduler/dequeued': 1,
 'scheduler/dequeued/memory': 1,
 'scheduler/enqueued': 1,
 'scheduler/enqueued/memory': 1,
 'start_time': datetime.datetime(2017, 11, 20, 11, 17, 32, 27337)}
2017-11-20 11:17:36 [scrapy.core.engine] INFO: Spider closed (finished)
2017-11-21 11:17:37 [scrapy.utils.log] INFO: Scrapy 1.4.0 started (bot: stock)
2017-11-21 11:17:37 [scrapy.utils.log] INFO: Overridden settings: {'NEWSPIDER_MODULE': 'stock.spiders', 'SPIDER_MODULES': ['stock.spiders'], 'ROBOTSTXT_OBEY': True, 'BOT_NAME': 'stock'}
2017-11-21 11:17:37 [scrapy.middleware] INFO: Enabled extensions:
['scrapy.extensions.memusage.MemoryUsage',
 'scrapy.extensions.logstats.LogStats',
 'scrapy.extensions.telnet.TelnetConsole',
 'scrapy.extensions.corestats.CoreStats']
2017-11-21 11:17:37 [scrapy.middleware] INFO: Enabled downloader middlewares:
['scrapy.downloadermiddlewares.robotstxt.RobotsTxtMiddleware',
 'scrapy.downloadermiddlewares.httpauth.HttpAuthMiddleware',
 'scrapy.downloadermiddlewares.downloadtimeout.DownloadTimeoutMiddleware',
 'scrapy.downloadermiddlewares.defaultheaders.DefaultHeadersMiddleware',
 'scrapy.downloadermiddlewares.useragent.UserAgentMiddleware',
 'scrapy.downloadermiddlewares.retry.RetryMiddleware',
 'scrapy.downloadermiddlewares.redirect.MetaRefreshMiddleware',
 'scrapy.downloadermiddlewares.httpcompression.HttpCompressionMiddleware',
 'scrapy.downloadermiddlewares.redirect.RedirectMiddleware',
 'scrapy.downloadermiddlewares.cookies.CookiesMiddleware',
 'scrapy.downloadermiddlewares.httpproxy.HttpProxyMiddleware',
 'scrapy.downloadermiddlewares.stats.DownloaderStats']
2017-11-21 11:17:37 [scrapy.middleware] INFO: Enabled spider middlewares:
['scrapy.spidermiddlewares.httperror.HttpErrorMiddleware',
 'scrapy.spidermiddlewares.offsite.OffsiteMiddleware',
 'scrapy.spidermiddlewares.referer.RefererMiddleware',
 'scrapy.spidermiddlewares.urllength.UrlLengthMiddleware',
 'scrapy.spidermiddlewares.depth.DepthMiddleware']
2017-11-21 11:17:37 [scrapy.middleware] INFO: Enabled item pipelines:
[]
2017-11-21 11:17:37 [scrapy.core.engine] INFO: Spider opened
2017-11-21 11:17:37 [scrapy.extensions.logstats] INFO: Crawled 0 pages (at 0 pages/min), scraped 0 items (at 0 items/min)
2017-11-21 11:17:37 [scrapy.extensions.telnet] DEBUG: Telnet console listening on 127.0.0.1:6023
2017-11-21 11:17:38 [scrapy.core.engine] DEBUG: Crawled (404) <GET http://www.hkexnews.hk/robots.txt> (referer: None)
2017-11-21 11:17:41 [scrapy.core.engine] DEBUG: Crawled (200) <GET http://www.hkexnews.hk/sdw/search/mutualmarket.aspx?t=hk> (referer: None)
2017-11-21 11:17:41 [scrapy.core.engine] INFO: Closing spider (finished)
2017-11-21 11:17:41 [scrapy.statscollectors] INFO: Dumping Scrapy stats:
{'downloader/request_bytes': 564,
 'downloader/request_count': 2,
 'downloader/request_method_count/GET': 2,
 'downloader/response_bytes': 427347,
 'downloader/response_count': 2,
 'downloader/response_status_count/200': 1,
 'downloader/response_status_count/404': 1,
 'finish_reason': 'finished',
 'finish_time': datetime.datetime(2017, 11, 21, 11, 17, 41, 648673),
 'log_count/DEBUG': 3,
 'log_count/INFO': 7,
 'memusage/max': 50450432,
 'memusage/startup': 50450432,
 'response_received_count': 2,
 'scheduler/dequeued': 1,
 'scheduler/dequeued/memory': 1,
 'scheduler/enqueued': 1,
 'scheduler/enqueued/memory': 1,
 'start_time': datetime.datetime(2017, 11, 21, 11, 17, 37, 621834)}
2017-11-21 11:17:41 [scrapy.core.engine] INFO: Spider closed (finished)
2017-11-22 11:17:42 [scrapy.utils.log] INFO: Scrapy 1.4.0 started (bot: stock)
2017-11-22 11:17:42 [scrapy.utils.log] INFO: Overridden settings: {'NEWSPIDER_MODULE': 'stock.spiders', 'SPIDER_MODULES': ['stock.spiders'], 'ROBOTSTXT_OBEY': True, 'BOT_NAME': 'stock'}
2017-11-22 11:17:42 [scrapy.middleware] INFO: Enabled extensions:
['scrapy.extensions.memusage.MemoryUsage',
 'scrapy.extensions.logstats.LogStats',
 'scrapy.extensions.telnet.TelnetConsole',
 'scrapy.extensions.corestats.CoreStats']
2017-11-22 11:17:42 [scrapy.middleware] INFO: Enabled downloader middlewares:
['scrapy.downloadermiddlewares.robotstxt.RobotsTxtMiddleware',
 'scrapy.downloadermiddlewares.httpauth.HttpAuthMiddleware',
 'scrapy.downloadermiddlewares.downloadtimeout.DownloadTimeoutMiddleware',
 'scrapy.downloadermiddlewares.defaultheaders.DefaultHeadersMiddleware',
 'scrapy.downloadermiddlewares.useragent.UserAgentMiddleware',
 'scrapy.downloadermiddlewares.retry.RetryMiddleware',
 'scrapy.downloadermiddlewares.redirect.MetaRefreshMiddleware',
 'scrapy.downloadermiddlewares.httpcompression.HttpCompressionMiddleware',
 'scrapy.downloadermiddlewares.redirect.RedirectMiddleware',
 'scrapy.downloadermiddlewares.cookies.CookiesMiddleware',
 'scrapy.downloadermiddlewares.httpproxy.HttpProxyMiddleware',
 'scrapy.downloadermiddlewares.stats.DownloaderStats']
2017-11-22 11:17:42 [scrapy.middleware] INFO: Enabled spider middlewares:
['scrapy.spidermiddlewares.httperror.HttpErrorMiddleware',
 'scrapy.spidermiddlewares.offsite.OffsiteMiddleware',
 'scrapy.spidermiddlewares.referer.RefererMiddleware',
 'scrapy.spidermiddlewares.urllength.UrlLengthMiddleware',
 'scrapy.spidermiddlewares.depth.DepthMiddleware']
2017-11-22 11:17:42 [scrapy.middleware] INFO: Enabled item pipelines:
[]
2017-11-22 11:17:42 [scrapy.core.engine] INFO: Spider opened
2017-11-22 11:17:42 [scrapy.extensions.logstats] INFO: Crawled 0 pages (at 0 pages/min), scraped 0 items (at 0 items/min)
2017-11-22 11:17:42 [scrapy.extensions.telnet] DEBUG: Telnet console listening on 127.0.0.1:6023
2017-11-22 11:17:43 [scrapy.core.engine] DEBUG: Crawled (404) <GET http://www.hkexnews.hk/robots.txt> (referer: None)
2017-11-22 11:17:46 [scrapy.core.engine] DEBUG: Crawled (200) <GET http://www.hkexnews.hk/sdw/search/mutualmarket.aspx?t=hk> (referer: None)
2017-11-22 11:17:47 [scrapy.core.engine] INFO: Closing spider (finished)
2017-11-22 11:17:47 [scrapy.statscollectors] INFO: Dumping Scrapy stats:
{'downloader/request_bytes': 564,
 'downloader/request_count': 2,
 'downloader/request_method_count/GET': 2,
 'downloader/response_bytes': 427347,
 'downloader/response_count': 2,
 'downloader/response_status_count/200': 1,
 'downloader/response_status_count/404': 1,
 'finish_reason': 'finished',
 'finish_time': datetime.datetime(2017, 11, 22, 11, 17, 47, 7085),
 'log_count/DEBUG': 3,
 'log_count/INFO': 7,
 'memusage/max': 50462720,
 'memusage/startup': 50462720,
 'response_received_count': 2,
 'scheduler/dequeued': 1,
 'scheduler/dequeued/memory': 1,
 'scheduler/enqueued': 1,
 'scheduler/enqueued/memory': 1,
 'start_time': datetime.datetime(2017, 11, 22, 11, 17, 42, 605913)}
2017-11-22 11:17:47 [scrapy.core.engine] INFO: Spider closed (finished)
2017-11-23 11:17:47 [scrapy.utils.log] INFO: Scrapy 1.4.0 started (bot: stock)
2017-11-23 11:17:47 [scrapy.utils.log] INFO: Overridden settings: {'NEWSPIDER_MODULE': 'stock.spiders', 'SPIDER_MODULES': ['stock.spiders'], 'ROBOTSTXT_OBEY': True, 'BOT_NAME': 'stock'}
2017-11-23 11:17:47 [scrapy.middleware] INFO: Enabled extensions:
['scrapy.extensions.memusage.MemoryUsage',
 'scrapy.extensions.logstats.LogStats',
 'scrapy.extensions.telnet.TelnetConsole',
 'scrapy.extensions.corestats.CoreStats']
2017-11-23 11:17:47 [scrapy.middleware] INFO: Enabled downloader middlewares:
['scrapy.downloadermiddlewares.robotstxt.RobotsTxtMiddleware',
 'scrapy.downloadermiddlewares.httpauth.HttpAuthMiddleware',
 'scrapy.downloadermiddlewares.downloadtimeout.DownloadTimeoutMiddleware',
 'scrapy.downloadermiddlewares.defaultheaders.DefaultHeadersMiddleware',
 'scrapy.downloadermiddlewares.useragent.UserAgentMiddleware',
 'scrapy.downloadermiddlewares.retry.RetryMiddleware',
 'scrapy.downloadermiddlewares.redirect.MetaRefreshMiddleware',
 'scrapy.downloadermiddlewares.httpcompression.HttpCompressionMiddleware',
 'scrapy.downloadermiddlewares.redirect.RedirectMiddleware',
 'scrapy.downloadermiddlewares.cookies.CookiesMiddleware',
 'scrapy.downloadermiddlewares.httpproxy.HttpProxyMiddleware',
 'scrapy.downloadermiddlewares.stats.DownloaderStats']
2017-11-23 11:17:47 [scrapy.middleware] INFO: Enabled spider middlewares:
['scrapy.spidermiddlewares.httperror.HttpErrorMiddleware',
 'scrapy.spidermiddlewares.offsite.OffsiteMiddleware',
 'scrapy.spidermiddlewares.referer.RefererMiddleware',
 'scrapy.spidermiddlewares.urllength.UrlLengthMiddleware',
 'scrapy.spidermiddlewares.depth.DepthMiddleware']
2017-11-23 11:17:47 [scrapy.middleware] INFO: Enabled item pipelines:
[]
2017-11-23 11:17:47 [scrapy.core.engine] INFO: Spider opened
2017-11-23 11:17:47 [scrapy.extensions.logstats] INFO: Crawled 0 pages (at 0 pages/min), scraped 0 items (at 0 items/min)
2017-11-23 11:17:47 [scrapy.extensions.telnet] DEBUG: Telnet console listening on 127.0.0.1:6023
2017-11-23 11:17:48 [scrapy.core.engine] DEBUG: Crawled (404) <GET http://www.hkexnews.hk/robots.txt> (referer: None)
2017-11-23 11:17:51 [scrapy.core.engine] DEBUG: Crawled (200) <GET http://www.hkexnews.hk/sdw/search/mutualmarket.aspx?t=hk> (referer: None)
2017-11-23 11:17:51 [scrapy.core.engine] INFO: Closing spider (finished)
2017-11-23 11:17:51 [scrapy.statscollectors] INFO: Dumping Scrapy stats:
{'downloader/request_bytes': 564,
 'downloader/request_count': 2,
 'downloader/request_method_count/GET': 2,
 'downloader/response_bytes': 427355,
 'downloader/response_count': 2,
 'downloader/response_status_count/200': 1,
 'downloader/response_status_count/404': 1,
 'finish_reason': 'finished',
 'finish_time': datetime.datetime(2017, 11, 23, 11, 17, 51, 483844),
 'log_count/DEBUG': 3,
 'log_count/INFO': 7,
 'memusage/max': 50487296,
 'memusage/startup': 50487296,
 'response_received_count': 2,
 'scheduler/dequeued': 1,
 'scheduler/dequeued/memory': 1,
 'scheduler/enqueued': 1,
 'scheduler/enqueued/memory': 1,
 'start_time': datetime.datetime(2017, 11, 23, 11, 17, 47, 974658)}
2017-11-23 11:17:51 [scrapy.core.engine] INFO: Spider closed (finished)
2017-11-24 11:17:52 [scrapy.utils.log] INFO: Scrapy 1.4.0 started (bot: stock)
2017-11-24 11:17:52 [scrapy.utils.log] INFO: Overridden settings: {'NEWSPIDER_MODULE': 'stock.spiders', 'SPIDER_MODULES': ['stock.spiders'], 'ROBOTSTXT_OBEY': True, 'BOT_NAME': 'stock'}
2017-11-24 11:17:52 [scrapy.middleware] INFO: Enabled extensions:
['scrapy.extensions.memusage.MemoryUsage',
 'scrapy.extensions.logstats.LogStats',
 'scrapy.extensions.telnet.TelnetConsole',
 'scrapy.extensions.corestats.CoreStats']
2017-11-24 11:17:52 [scrapy.middleware] INFO: Enabled downloader middlewares:
['scrapy.downloadermiddlewares.robotstxt.RobotsTxtMiddleware',
 'scrapy.downloadermiddlewares.httpauth.HttpAuthMiddleware',
 'scrapy.downloadermiddlewares.downloadtimeout.DownloadTimeoutMiddleware',
 'scrapy.downloadermiddlewares.defaultheaders.DefaultHeadersMiddleware',
 'scrapy.downloadermiddlewares.useragent.UserAgentMiddleware',
 'scrapy.downloadermiddlewares.retry.RetryMiddleware',
 'scrapy.downloadermiddlewares.redirect.MetaRefreshMiddleware',
 'scrapy.downloadermiddlewares.httpcompression.HttpCompressionMiddleware',
 'scrapy.downloadermiddlewares.redirect.RedirectMiddleware',
 'scrapy.downloadermiddlewares.cookies.CookiesMiddleware',
 'scrapy.downloadermiddlewares.httpproxy.HttpProxyMiddleware',
 'scrapy.downloadermiddlewares.stats.DownloaderStats']
2017-11-24 11:17:52 [scrapy.middleware] INFO: Enabled spider middlewares:
['scrapy.spidermiddlewares.httperror.HttpErrorMiddleware',
 'scrapy.spidermiddlewares.offsite.OffsiteMiddleware',
 'scrapy.spidermiddlewares.referer.RefererMiddleware',
 'scrapy.spidermiddlewares.urllength.UrlLengthMiddleware',
 'scrapy.spidermiddlewares.depth.DepthMiddleware']
2017-11-24 11:17:52 [scrapy.middleware] INFO: Enabled item pipelines:
[]
2017-11-24 11:17:52 [scrapy.core.engine] INFO: Spider opened
2017-11-24 11:17:52 [scrapy.extensions.logstats] INFO: Crawled 0 pages (at 0 pages/min), scraped 0 items (at 0 items/min)
2017-11-24 11:17:52 [scrapy.extensions.telnet] DEBUG: Telnet console listening on 127.0.0.1:6023
2017-11-24 11:17:54 [scrapy.core.engine] DEBUG: Crawled (404) <GET http://www.hkexnews.hk/robots.txt> (referer: None)
2017-11-24 11:17:56 [scrapy.core.engine] DEBUG: Crawled (200) <GET http://www.hkexnews.hk/sdw/search/mutualmarket.aspx?t=hk> (referer: None)
2017-11-24 11:17:56 [scrapy.core.engine] INFO: Closing spider (finished)
2017-11-24 11:17:56 [scrapy.statscollectors] INFO: Dumping Scrapy stats:
{'downloader/request_bytes': 564,
 'downloader/request_count': 2,
 'downloader/request_method_count/GET': 2,
 'downloader/response_bytes': 428191,
 'downloader/response_count': 2,
 'downloader/response_status_count/200': 1,
 'downloader/response_status_count/404': 1,
 'finish_reason': 'finished',
 'finish_time': datetime.datetime(2017, 11, 24, 11, 17, 56, 852232),
 'log_count/DEBUG': 3,
 'log_count/INFO': 7,
 'memusage/max': 50106368,
 'memusage/startup': 50106368,
 'response_received_count': 2,
 'scheduler/dequeued': 1,
 'scheduler/dequeued/memory': 1,
 'scheduler/enqueued': 1,
 'scheduler/enqueued/memory': 1,
 'start_time': datetime.datetime(2017, 11, 24, 11, 17, 52, 446569)}
2017-11-24 11:17:56 [scrapy.core.engine] INFO: Spider closed (finished)
2017-11-25 06:49:39 [scrapy.utils.log] INFO: Scrapy 1.4.0 started (bot: stock)
2017-11-25 06:49:39 [scrapy.utils.log] INFO: Overridden settings: {'NEWSPIDER_MODULE': 'stock.spiders', 'SPIDER_MODULES': ['stock.spiders'], 'ROBOTSTXT_OBEY': True, 'BOT_NAME': 'stock'}
2017-11-25 06:49:39 [scrapy.middleware] INFO: Enabled extensions:
['scrapy.extensions.memusage.MemoryUsage',
 'scrapy.extensions.logstats.LogStats',
 'scrapy.extensions.telnet.TelnetConsole',
 'scrapy.extensions.corestats.CoreStats']
2017-11-25 06:49:39 [scrapy.middleware] INFO: Enabled downloader middlewares:
['scrapy.downloadermiddlewares.robotstxt.RobotsTxtMiddleware',
 'scrapy.downloadermiddlewares.httpauth.HttpAuthMiddleware',
 'scrapy.downloadermiddlewares.downloadtimeout.DownloadTimeoutMiddleware',
 'scrapy.downloadermiddlewares.defaultheaders.DefaultHeadersMiddleware',
 'scrapy.downloadermiddlewares.useragent.UserAgentMiddleware',
 'scrapy.downloadermiddlewares.retry.RetryMiddleware',
 'scrapy.downloadermiddlewares.redirect.MetaRefreshMiddleware',
 'scrapy.downloadermiddlewares.httpcompression.HttpCompressionMiddleware',
 'scrapy.downloadermiddlewares.redirect.RedirectMiddleware',
 'scrapy.downloadermiddlewares.cookies.CookiesMiddleware',
 'scrapy.downloadermiddlewares.httpproxy.HttpProxyMiddleware',
 'scrapy.downloadermiddlewares.stats.DownloaderStats']
2017-11-25 06:49:39 [scrapy.middleware] INFO: Enabled spider middlewares:
['scrapy.spidermiddlewares.httperror.HttpErrorMiddleware',
 'scrapy.spidermiddlewares.offsite.OffsiteMiddleware',
 'scrapy.spidermiddlewares.referer.RefererMiddleware',
 'scrapy.spidermiddlewares.urllength.UrlLengthMiddleware',
 'scrapy.spidermiddlewares.depth.DepthMiddleware']
2017-11-25 06:49:39 [scrapy.middleware] INFO: Enabled item pipelines:
[]
2017-11-25 06:49:39 [scrapy.core.engine] INFO: Spider opened
2017-11-25 06:49:39 [scrapy.extensions.logstats] INFO: Crawled 0 pages (at 0 pages/min), scraped 0 items (at 0 items/min)
2017-11-25 06:49:39 [scrapy.extensions.telnet] DEBUG: Telnet console listening on 127.0.0.1:6023
2017-11-25 06:49:41 [scrapy.core.engine] DEBUG: Crawled (404) <GET http://www.hkexnews.hk/robots.txt> (referer: None)
2017-11-25 06:49:44 [scrapy.core.engine] DEBUG: Crawled (200) <GET http://www.hkexnews.hk/sdw/search/mutualmarket.aspx?t=hk> (referer: None)
2017-11-25 06:49:44 [scrapy.core.engine] INFO: Closing spider (finished)
2017-11-25 06:49:44 [scrapy.statscollectors] INFO: Dumping Scrapy stats:
{'downloader/request_bytes': 564,
 'downloader/request_count': 2,
 'downloader/request_method_count/GET': 2,
 'downloader/response_bytes': 428195,
 'downloader/response_count': 2,
 'downloader/response_status_count/200': 1,
 'downloader/response_status_count/404': 1,
 'finish_reason': 'finished',
 'finish_time': datetime.datetime(2017, 11, 25, 6, 49, 44, 615124),
 'log_count/DEBUG': 3,
 'log_count/INFO': 7,
 'memusage/max': 50380800,
 'memusage/startup': 50380800,
 'response_received_count': 2,
 'scheduler/dequeued': 1,
 'scheduler/dequeued/memory': 1,
 'scheduler/enqueued': 1,
 'scheduler/enqueued/memory': 1,
 'start_time': datetime.datetime(2017, 11, 25, 6, 49, 39, 726116)}
2017-11-25 06:49:44 [scrapy.core.engine] INFO: Spider closed (finished)
2017-11-25 07:28:20 [scrapy.utils.log] INFO: Scrapy 1.4.0 started (bot: stock)
2017-11-25 07:28:20 [scrapy.utils.log] INFO: Overridden settings: {'NEWSPIDER_MODULE': 'stock.spiders', 'SPIDER_MODULES': ['stock.spiders'], 'ROBOTSTXT_OBEY': True, 'BOT_NAME': 'stock'}
2017-11-25 07:28:20 [scrapy.middleware] INFO: Enabled extensions:
['scrapy.extensions.memusage.MemoryUsage',
 'scrapy.extensions.logstats.LogStats',
 'scrapy.extensions.telnet.TelnetConsole',
 'scrapy.extensions.corestats.CoreStats']
2017-11-25 07:28:20 [scrapy.middleware] INFO: Enabled downloader middlewares:
['scrapy.downloadermiddlewares.robotstxt.RobotsTxtMiddleware',
 'scrapy.downloadermiddlewares.httpauth.HttpAuthMiddleware',
 'scrapy.downloadermiddlewares.downloadtimeout.DownloadTimeoutMiddleware',
 'scrapy.downloadermiddlewares.defaultheaders.DefaultHeadersMiddleware',
 'scrapy.downloadermiddlewares.useragent.UserAgentMiddleware',
 'scrapy.downloadermiddlewares.retry.RetryMiddleware',
 'scrapy.downloadermiddlewares.redirect.MetaRefreshMiddleware',
 'scrapy.downloadermiddlewares.httpcompression.HttpCompressionMiddleware',
 'scrapy.downloadermiddlewares.redirect.RedirectMiddleware',
 'scrapy.downloadermiddlewares.cookies.CookiesMiddleware',
 'scrapy.downloadermiddlewares.httpproxy.HttpProxyMiddleware',
 'scrapy.downloadermiddlewares.stats.DownloaderStats']
2017-11-25 07:28:20 [scrapy.middleware] INFO: Enabled spider middlewares:
['scrapy.spidermiddlewares.httperror.HttpErrorMiddleware',
 'scrapy.spidermiddlewares.offsite.OffsiteMiddleware',
 'scrapy.spidermiddlewares.referer.RefererMiddleware',
 'scrapy.spidermiddlewares.urllength.UrlLengthMiddleware',
 'scrapy.spidermiddlewares.depth.DepthMiddleware']
2017-11-25 07:28:20 [scrapy.middleware] INFO: Enabled item pipelines:
[]
2017-11-25 07:28:20 [scrapy.core.engine] INFO: Spider opened
2017-11-25 07:28:20 [scrapy.extensions.logstats] INFO: Crawled 0 pages (at 0 pages/min), scraped 0 items (at 0 items/min)
2017-11-25 07:28:20 [scrapy.extensions.telnet] DEBUG: Telnet console listening on 127.0.0.1:6023
2017-11-25 07:28:22 [scrapy.core.engine] DEBUG: Crawled (404) <GET http://www.hkexnews.hk/robots.txt> (referer: None)
2017-11-25 07:28:24 [scrapy.core.engine] DEBUG: Crawled (200) <GET http://www.hkexnews.hk/sdw/search/mutualmarket.aspx?t=hk> (referer: None)
2017-11-25 07:28:25 [scrapy.core.engine] INFO: Closing spider (finished)
2017-11-25 07:28:25 [scrapy.statscollectors] INFO: Dumping Scrapy stats:
{'downloader/request_bytes': 564,
 'downloader/request_count': 2,
 'downloader/request_method_count/GET': 2,
 'downloader/response_bytes': 428195,
 'downloader/response_count': 2,
 'downloader/response_status_count/200': 1,
 'downloader/response_status_count/404': 1,
 'finish_reason': 'finished',
 'finish_time': datetime.datetime(2017, 11, 25, 7, 28, 25, 292646),
 'log_count/DEBUG': 3,
 'log_count/INFO': 7,
 'memusage/max': 50114560,
 'memusage/startup': 50114560,
 'response_received_count': 2,
 'scheduler/dequeued': 1,
 'scheduler/dequeued/memory': 1,
 'scheduler/enqueued': 1,
 'scheduler/enqueued/memory': 1,
 'start_time': datetime.datetime(2017, 11, 25, 7, 28, 20, 700081)}
2017-11-25 07:28:25 [scrapy.core.engine] INFO: Spider closed (finished)
begin run

Traceback (most recent call last):
  File "run.py", line 108, in <module>
    merged(1,"hold_num")
  File "run.py", line 60, in merged
    f = open("output/"+index+".csv","w")
IOError: [Errno 2] No such file or directory: 'output/hold_num.csv'
2017-11-25 07:29:02 [scrapy.utils.log] INFO: Scrapy 1.4.0 started (bot: stock)
2017-11-25 07:29:02 [scrapy.utils.log] INFO: Overridden settings: {'NEWSPIDER_MODULE': 'stock.spiders', 'SPIDER_MODULES': ['stock.spiders'], 'ROBOTSTXT_OBEY': True, 'BOT_NAME': 'stock'}
2017-11-25 07:29:02 [scrapy.middleware] INFO: Enabled extensions:
['scrapy.extensions.memusage.MemoryUsage',
 'scrapy.extensions.logstats.LogStats',
 'scrapy.extensions.telnet.TelnetConsole',
 'scrapy.extensions.corestats.CoreStats']
2017-11-25 07:29:02 [scrapy.middleware] INFO: Enabled downloader middlewares:
['scrapy.downloadermiddlewares.robotstxt.RobotsTxtMiddleware',
 'scrapy.downloadermiddlewares.httpauth.HttpAuthMiddleware',
 'scrapy.downloadermiddlewares.downloadtimeout.DownloadTimeoutMiddleware',
 'scrapy.downloadermiddlewares.defaultheaders.DefaultHeadersMiddleware',
 'scrapy.downloadermiddlewares.useragent.UserAgentMiddleware',
 'scrapy.downloadermiddlewares.retry.RetryMiddleware',
 'scrapy.downloadermiddlewares.redirect.MetaRefreshMiddleware',
 'scrapy.downloadermiddlewares.httpcompression.HttpCompressionMiddleware',
 'scrapy.downloadermiddlewares.redirect.RedirectMiddleware',
 'scrapy.downloadermiddlewares.cookies.CookiesMiddleware',
 'scrapy.downloadermiddlewares.httpproxy.HttpProxyMiddleware',
 'scrapy.downloadermiddlewares.stats.DownloaderStats']
2017-11-25 07:29:02 [scrapy.middleware] INFO: Enabled spider middlewares:
['scrapy.spidermiddlewares.httperror.HttpErrorMiddleware',
 'scrapy.spidermiddlewares.offsite.OffsiteMiddleware',
 'scrapy.spidermiddlewares.referer.RefererMiddleware',
 'scrapy.spidermiddlewares.urllength.UrlLengthMiddleware',
 'scrapy.spidermiddlewares.depth.DepthMiddleware']
2017-11-25 07:29:02 [scrapy.middleware] INFO: Enabled item pipelines:
[]
2017-11-25 07:29:02 [scrapy.core.engine] INFO: Spider opened
2017-11-25 07:29:02 [scrapy.extensions.logstats] INFO: Crawled 0 pages (at 0 pages/min), scraped 0 items (at 0 items/min)
2017-11-25 07:29:02 [scrapy.extensions.telnet] DEBUG: Telnet console listening on 127.0.0.1:6023
2017-11-25 07:29:04 [scrapy.core.engine] DEBUG: Crawled (404) <GET http://www.hkexnews.hk/robots.txt> (referer: None)
2017-11-25 07:29:06 [scrapy.core.engine] DEBUG: Crawled (200) <GET http://www.hkexnews.hk/sdw/search/mutualmarket.aspx?t=hk> (referer: None)
2017-11-25 07:29:06 [scrapy.core.engine] INFO: Closing spider (finished)
2017-11-25 07:29:06 [scrapy.statscollectors] INFO: Dumping Scrapy stats:
{'downloader/request_bytes': 564,
 'downloader/request_count': 2,
 'downloader/request_method_count/GET': 2,
 'downloader/response_bytes': 428195,
 'downloader/response_count': 2,
 'downloader/response_status_count/200': 1,
 'downloader/response_status_count/404': 1,
 'finish_reason': 'finished',
 'finish_time': datetime.datetime(2017, 11, 25, 7, 29, 6, 813964),
 'log_count/DEBUG': 3,
 'log_count/INFO': 7,
 'memusage/max': 50176000,
 'memusage/startup': 50176000,
 'response_received_count': 2,
 'scheduler/dequeued': 1,
 'scheduler/dequeued/memory': 1,
 'scheduler/enqueued': 1,
 'scheduler/enqueued/memory': 1,
 'start_time': datetime.datetime(2017, 11, 25, 7, 29, 2, 517399)}
2017-11-25 07:29:06 [scrapy.core.engine] INFO: Spider closed (finished)
begin run

Traceback (most recent call last):
  File "run.py", line 108, in <module>
    merged(1,"hold_num")
  File "run.py", line 60, in merged
    f = open("output/"+index+".csv","w")
IOError: [Errno 2] No such file or directory: 'output/hold_num.csv'
2017-11-25 07:30:35 [scrapy.utils.log] INFO: Scrapy 1.4.0 started (bot: stock)
2017-11-25 07:30:35 [scrapy.utils.log] INFO: Overridden settings: {'NEWSPIDER_MODULE': 'stock.spiders', 'SPIDER_MODULES': ['stock.spiders'], 'ROBOTSTXT_OBEY': True, 'BOT_NAME': 'stock'}
2017-11-25 07:30:35 [scrapy.middleware] INFO: Enabled extensions:
['scrapy.extensions.memusage.MemoryUsage',
 'scrapy.extensions.logstats.LogStats',
 'scrapy.extensions.telnet.TelnetConsole',
 'scrapy.extensions.corestats.CoreStats']
2017-11-25 07:30:35 [scrapy.middleware] INFO: Enabled downloader middlewares:
['scrapy.downloadermiddlewares.robotstxt.RobotsTxtMiddleware',
 'scrapy.downloadermiddlewares.httpauth.HttpAuthMiddleware',
 'scrapy.downloadermiddlewares.downloadtimeout.DownloadTimeoutMiddleware',
 'scrapy.downloadermiddlewares.defaultheaders.DefaultHeadersMiddleware',
 'scrapy.downloadermiddlewares.useragent.UserAgentMiddleware',
 'scrapy.downloadermiddlewares.retry.RetryMiddleware',
 'scrapy.downloadermiddlewares.redirect.MetaRefreshMiddleware',
 'scrapy.downloadermiddlewares.httpcompression.HttpCompressionMiddleware',
 'scrapy.downloadermiddlewares.redirect.RedirectMiddleware',
 'scrapy.downloadermiddlewares.cookies.CookiesMiddleware',
 'scrapy.downloadermiddlewares.httpproxy.HttpProxyMiddleware',
 'scrapy.downloadermiddlewares.stats.DownloaderStats']
2017-11-25 07:30:35 [scrapy.middleware] INFO: Enabled spider middlewares:
['scrapy.spidermiddlewares.httperror.HttpErrorMiddleware',
 'scrapy.spidermiddlewares.offsite.OffsiteMiddleware',
 'scrapy.spidermiddlewares.referer.RefererMiddleware',
 'scrapy.spidermiddlewares.urllength.UrlLengthMiddleware',
 'scrapy.spidermiddlewares.depth.DepthMiddleware']
2017-11-25 07:30:35 [scrapy.middleware] INFO: Enabled item pipelines:
[]
2017-11-25 07:30:35 [scrapy.core.engine] INFO: Spider opened
2017-11-25 07:30:35 [scrapy.extensions.logstats] INFO: Crawled 0 pages (at 0 pages/min), scraped 0 items (at 0 items/min)
2017-11-25 07:30:35 [scrapy.extensions.telnet] DEBUG: Telnet console listening on 127.0.0.1:6023
2017-11-25 07:30:36 [scrapy.core.engine] DEBUG: Crawled (404) <GET http://www.hkexnews.hk/robots.txt> (referer: None)
2017-11-25 07:30:39 [scrapy.core.engine] DEBUG: Crawled (200) <GET http://www.hkexnews.hk/sdw/search/mutualmarket.aspx?t=hk> (referer: None)
2017-11-25 07:30:39 [scrapy.core.engine] INFO: Closing spider (finished)
2017-11-25 07:30:39 [scrapy.statscollectors] INFO: Dumping Scrapy stats:
{'downloader/request_bytes': 564,
 'downloader/request_count': 2,
 'downloader/request_method_count/GET': 2,
 'downloader/response_bytes': 428195,
 'downloader/response_count': 2,
 'downloader/response_status_count/200': 1,
 'downloader/response_status_count/404': 1,
 'finish_reason': 'finished',
 'finish_time': datetime.datetime(2017, 11, 25, 7, 30, 39, 332586),
 'log_count/DEBUG': 3,
 'log_count/INFO': 7,
 'memusage/max': 50003968,
 'memusage/startup': 50003968,
 'response_received_count': 2,
 'scheduler/dequeued': 1,
 'scheduler/dequeued/memory': 1,
 'scheduler/enqueued': 1,
 'scheduler/enqueued/memory': 1,
 'start_time': datetime.datetime(2017, 11, 25, 7, 30, 35, 358921)}
2017-11-25 07:30:39 [scrapy.core.engine] INFO: Spider closed (finished)
2017-11-25 07:33:11 [scrapy.utils.log] INFO: Scrapy 1.4.0 started (bot: stock)
2017-11-25 07:33:11 [scrapy.utils.log] INFO: Overridden settings: {'NEWSPIDER_MODULE': 'stock.spiders', 'SPIDER_MODULES': ['stock.spiders'], 'ROBOTSTXT_OBEY': True, 'BOT_NAME': 'stock'}
2017-11-25 07:33:11 [scrapy.middleware] INFO: Enabled extensions:
['scrapy.extensions.memusage.MemoryUsage',
 'scrapy.extensions.logstats.LogStats',
 'scrapy.extensions.telnet.TelnetConsole',
 'scrapy.extensions.corestats.CoreStats']
2017-11-25 07:33:11 [scrapy.middleware] INFO: Enabled downloader middlewares:
['scrapy.downloadermiddlewares.robotstxt.RobotsTxtMiddleware',
 'scrapy.downloadermiddlewares.httpauth.HttpAuthMiddleware',
 'scrapy.downloadermiddlewares.downloadtimeout.DownloadTimeoutMiddleware',
 'scrapy.downloadermiddlewares.defaultheaders.DefaultHeadersMiddleware',
 'scrapy.downloadermiddlewares.useragent.UserAgentMiddleware',
 'scrapy.downloadermiddlewares.retry.RetryMiddleware',
 'scrapy.downloadermiddlewares.redirect.MetaRefreshMiddleware',
 'scrapy.downloadermiddlewares.httpcompression.HttpCompressionMiddleware',
 'scrapy.downloadermiddlewares.redirect.RedirectMiddleware',
 'scrapy.downloadermiddlewares.cookies.CookiesMiddleware',
 'scrapy.downloadermiddlewares.httpproxy.HttpProxyMiddleware',
 'scrapy.downloadermiddlewares.stats.DownloaderStats']
2017-11-25 07:33:11 [scrapy.middleware] INFO: Enabled spider middlewares:
['scrapy.spidermiddlewares.httperror.HttpErrorMiddleware',
 'scrapy.spidermiddlewares.offsite.OffsiteMiddleware',
 'scrapy.spidermiddlewares.referer.RefererMiddleware',
 'scrapy.spidermiddlewares.urllength.UrlLengthMiddleware',
 'scrapy.spidermiddlewares.depth.DepthMiddleware']
2017-11-25 07:33:11 [scrapy.middleware] INFO: Enabled item pipelines:
[]
2017-11-25 07:33:11 [scrapy.core.engine] INFO: Spider opened
2017-11-25 07:33:11 [scrapy.extensions.logstats] INFO: Crawled 0 pages (at 0 pages/min), scraped 0 items (at 0 items/min)
2017-11-25 07:33:11 [scrapy.extensions.telnet] DEBUG: Telnet console listening on 127.0.0.1:6023
2017-11-25 07:33:12 [scrapy.core.engine] DEBUG: Crawled (404) <GET http://www.hkexnews.hk/robots.txt> (referer: None)
2017-11-25 07:33:14 [scrapy.core.engine] DEBUG: Crawled (200) <GET http://www.hkexnews.hk/sdw/search/mutualmarket.aspx?t=hk> (referer: None)
2017-11-25 07:33:15 [scrapy.core.engine] INFO: Closing spider (finished)
2017-11-25 07:33:15 [scrapy.statscollectors] INFO: Dumping Scrapy stats:
{'downloader/request_bytes': 564,
 'downloader/request_count': 2,
 'downloader/request_method_count/GET': 2,
 'downloader/response_bytes': 428195,
 'downloader/response_count': 2,
 'downloader/response_status_count/200': 1,
 'downloader/response_status_count/404': 1,
 'finish_reason': 'finished',
 'finish_time': datetime.datetime(2017, 11, 25, 7, 33, 15, 213428),
 'log_count/DEBUG': 3,
 'log_count/INFO': 7,
 'memusage/max': 50380800,
 'memusage/startup': 50380800,
 'response_received_count': 2,
 'scheduler/dequeued': 1,
 'scheduler/dequeued/memory': 1,
 'scheduler/enqueued': 1,
 'scheduler/enqueued/memory': 1,
 'start_time': datetime.datetime(2017, 11, 25, 7, 33, 11, 690188)}
2017-11-25 07:33:15 [scrapy.core.engine] INFO: Spider closed (finished)
